[    0.000000] Initializing cgroup subsys cpuset
[    0.000000] Initializing cgroup subsys cpu
[    0.000000] Initializing cgroup subsys cpuacct
[    0.000000] Linux version 4.4.0-142-generic (buildd@lgw01-amd64-033) (gcc version 5.4.0 20160609 (Ubuntu 5.4.0-6ubuntu1~16.04.10) ) #168-Ubuntu SMP Wed Jan 16 21:00:45 UTC 2019 (Ubuntu 4.4.0-142.168-generic 4.4.167)
[    0.000000] Command line: BOOT_IMAGE=/boot/vmlinuz-4.4.0-142-generic root=LABEL=cloudimg-rootfs ro console=tty1 console=ttyS0
[    0.000000] KERNEL supported cpus:
[    0.000000]   Intel GenuineIntel
[    0.000000]   AMD AuthenticAMD
[    0.000000]   Centaur CentaurHauls
[    0.000000] x86/fpu: xstate_offset[2]:  576, xstate_sizes[2]:  256
[    0.000000] x86/fpu: Supporting XSAVE feature 0x01: 'x87 floating point registers'
[    0.000000] x86/fpu: Supporting XSAVE feature 0x02: 'SSE registers'
[    0.000000] x86/fpu: Supporting XSAVE feature 0x04: 'AVX registers'
[    0.000000] x86/fpu: Enabled xstate features 0x7, context size is 832 bytes, using 'standard' format.
[    0.000000] e820: BIOS-provided physical RAM map:
[    0.000000] BIOS-e820: [mem 0x0000000000000000-0x000000000009fbff] usable
[    0.000000] BIOS-e820: [mem 0x000000000009fc00-0x000000000009ffff] reserved
[    0.000000] BIOS-e820: [mem 0x00000000000f0000-0x00000000000fffff] reserved
[    0.000000] BIOS-e820: [mem 0x0000000000100000-0x000000003ffeffff] usable
[    0.000000] BIOS-e820: [mem 0x000000003fff0000-0x000000003fffffff] ACPI data
[    0.000000] BIOS-e820: [mem 0x00000000fec00000-0x00000000fec00fff] reserved
[    0.000000] BIOS-e820: [mem 0x00000000fee00000-0x00000000fee00fff] reserved
[    0.000000] BIOS-e820: [mem 0x00000000fffc0000-0x00000000ffffffff] reserved
[    0.000000] NX (Execute Disable) protection: active
[    0.000000] SMBIOS 2.5 present.
[    0.000000] Hypervisor detected: KVM
[    0.000000] e820: last_pfn = 0x3fff0 max_arch_pfn = 0x400000000
[    0.000000] MTRR: Disabled
[    0.000000] x86/PAT: MTRRs disabled, skipping PAT initialization too.
[    0.000000] CPU MTRRs all blank - virtualized system.
[    0.000000] x86/PAT: Configuration [0-7]: WB  WT  UC- UC  WB  WT  UC- UC  
[    0.000000] found SMP MP-table at [mem 0x0009fff0-0x0009ffff] mapped at [ffff88000009fff0]
[    0.000000] Scanning 1 areas for low memory corruption
[    0.000000] RAMDISK: [mem 0x36308000-0x3717bfff]
[    0.000000] ACPI: Early table checksum verification disabled
[    0.000000] ACPI: RSDP 0x00000000000E0000 000024 (v02 VBOX  )
[    0.000000] ACPI: XSDT 0x000000003FFF0030 00003C (v01 VBOX   VBOXXSDT 00000001 ASL  00000061)
[    0.000000] ACPI: FACP 0x000000003FFF00F0 0000F4 (v04 VBOX   VBOXFACP 00000001 ASL  00000061)
[    0.000000] ACPI: DSDT 0x000000003FFF0470 0021FF (v02 VBOX   VBOXBIOS 00000002 INTL 20180105)
[    0.000000] ACPI: FACS 0x000000003FFF0200 000040
[    0.000000] ACPI: FACS 0x000000003FFF0200 000040
[    0.000000] ACPI: APIC 0x000000003FFF0240 00005C (v02 VBOX   VBOXAPIC 00000001 ASL  00000061)
[    0.000000] ACPI: SSDT 0x000000003FFF02A0 0001CC (v01 VBOX   VBOXCPUT 00000002 INTL 20180105)
[    0.000000] No NUMA configuration found
[    0.000000] Faking a node at [mem 0x0000000000000000-0x000000003ffeffff]
[    0.000000] NODE_DATA(0) allocated [mem 0x3ffeb000-0x3ffeffff]
[    0.000000] kvm-clock: Using msrs 4b564d01 and 4b564d00
[    0.000000] kvm-clock: cpu 0, msr 0:3ffe3001, primary cpu clock
[    0.000000] kvm-clock: using sched offset of 3316440983 cycles
[    0.000000] clocksource: kvm-clock: mask: 0xffffffffffffffff max_cycles: 0x1cd42e4dffb, max_idle_ns: 881590591483 ns
[    0.000000] Zone ranges:
[    0.000000]   DMA      [mem 0x0000000000001000-0x0000000000ffffff]
[    0.000000]   DMA32    [mem 0x0000000001000000-0x000000003ffeffff]
[    0.000000]   Normal   empty
[    0.000000]   Device   empty
[    0.000000] Movable zone start for each node
[    0.000000] Early memory node ranges
[    0.000000]   node   0: [mem 0x0000000000001000-0x000000000009efff]
[    0.000000]   node   0: [mem 0x0000000000100000-0x000000003ffeffff]
[    0.000000] Initmem setup node 0 [mem 0x0000000000001000-0x000000003ffeffff]
[    0.000000] ACPI: PM-Timer IO Port: 0x4008
[    0.000000] IOAPIC[0]: apic_id 2, version 32, address 0xfec00000, GSI 0-23
[    0.000000] ACPI: INT_SRC_OVR (bus 0 bus_irq 0 global_irq 2 dfl dfl)
[    0.000000] ACPI: INT_SRC_OVR (bus 0 bus_irq 9 global_irq 9 low level)
[    0.000000] Using ACPI (MADT) for SMP configuration information
[    0.000000] smpboot: Allowing 2 CPUs, 0 hotplug CPUs
[    0.000000] PM: Registered nosave memory: [mem 0x00000000-0x00000fff]
[    0.000000] PM: Registered nosave memory: [mem 0x0009f000-0x0009ffff]
[    0.000000] PM: Registered nosave memory: [mem 0x000a0000-0x000effff]
[    0.000000] PM: Registered nosave memory: [mem 0x000f0000-0x000fffff]
[    0.000000] e820: [mem 0x400000-0xfebfffff] available for PCI devices
[    0.000000] Booting paravirtualized kernel on KVM
[    0.000000] clocksource: refined-jiffies: mask: 0xffffffff max_cycles: 0xffffffff, max_idle_ns: 7645519600211568 ns
[    0.000000] setup_percpu: NR_CPUS:512 nr_cpumask_bits:512 nr_cpu_ids:2 nr_node_ids:1
[    0.000000] PERCPU: Embedded 34 pages/cpu @ffff88003fc00000 s99480 r8192 d31592 u1048576
[    0.000000] Built 1 zonelists in Node order, mobility grouping on.  Total pages: 257912
[    0.000000] Policy zone: DMA32
[    0.000000] Kernel command line: BOOT_IMAGE=/boot/vmlinuz-4.4.0-142-generic root=LABEL=cloudimg-rootfs ro console=tty1 console=ttyS0
[    0.000000] PID hash table entries: 4096 (order: 3, 32768 bytes)
[    0.000000] Memory: 997732K/1048120K available (8603K kernel code, 1332K rwdata, 4004K rodata, 1484K init, 1316K bss, 50388K reserved, 0K cma-reserved)
[    0.000000] SLUB: HWalign=64, Order=0-3, MinObjects=0, CPUs=2, Nodes=1
[    0.000000] Kernel/User page tables isolation: enabled
[    0.000000] Hierarchical RCU implementation.
[    0.000000] 	Build-time adjustment of leaf fanout to 64.
[    0.000000] 	RCU restricting CPUs from NR_CPUS=512 to nr_cpu_ids=2.
[    0.000000] RCU: Adjusting geometry for rcu_fanout_leaf=64, nr_cpu_ids=2
[    0.000000] NR_IRQS:33024 nr_irqs:440 16
[    0.000000] Console: colour VGA+ 80x25
[    0.000000] console [tty1] enabled
[    0.000000] console [ttyS0] enabled
[    0.000000] tsc: Detected 3392.072 MHz processor
[    0.114532] Calibrating delay loop (skipped) preset value.. 6784.14 BogoMIPS (lpj=13568288)
[    0.115637] pid_max: default: 32768 minimum: 301
[    0.116255] ACPI: Core revision 20150930
[    0.117449] ACPI: 2 ACPI AML tables successfully acquired and loaded
[    0.118319] Security Framework initialized
[    0.118864] Yama: becoming mindful.
[    0.119365] AppArmor: AppArmor initialized
[    0.119991] Dentry cache hash table entries: 131072 (order: 8, 1048576 bytes)
[    0.121318] Inode-cache hash table entries: 65536 (order: 7, 524288 bytes)
[    0.122177] Mount-cache hash table entries: 2048 (order: 2, 16384 bytes)
[    0.122987] Mountpoint-cache hash table entries: 2048 (order: 2, 16384 bytes)
[    0.123957] Initializing cgroup subsys io
[    0.124520] Initializing cgroup subsys memory
[    0.125090] Initializing cgroup subsys devices
[    0.125681] Initializing cgroup subsys freezer
[    0.126256] Initializing cgroup subsys net_cls
[    0.126831] Initializing cgroup subsys perf_event
[    0.127429] Initializing cgroup subsys net_prio
[    0.128040] Initializing cgroup subsys hugetlb
[    0.128616] Initializing cgroup subsys pids
[    0.129928] mce: CPU supports 0 MCE banks
[    0.130503] Last level iTLB entries: 4KB 1024, 2MB 1024, 4MB 1024

[    0.131272] Last level dTLB entries: 4KB 1024, 2MB 1024, 4MB 1024, 1GB 4
[    0.132080] Spectre V2 : Mitigation: Full generic retpoline
[    0.132759] Spectre V2 : Spectre v2 / SpectreRSB mitigation: Filling RSB on context switch
[    0.133838] Speculative Store Bypass: Vulnerable
[    0.136238] Freeing SMP alternatives memory: 32K
[    0.140600] ftrace: allocating 32277 entries in 127 pages
[    0.179045] smpboot: APIC(0) Converting physical 0 to logical package 0
[    0.254172] smpboot: Max logical packages: 1
[    0.254980] x2apic enabled
[    0.255590] Switched APIC routing to physical x2apic.
[    0.257088] ..TIMER: vector=0x30 apic1=0 pin1=2 apic2=-1 pin2=-1
[    0.365669] smpboot: CPU0: Intel(R) Core(TM) i7-4770 CPU @ 3.40GHz (family: 0x6, model: 0x3c, stepping: 0x3)
[    0.385548] Performance Events: unsupported p6 CPU model 60 no PMU driver, software events only.
[    0.394486] KVM setup paravirtual spinlock
[    0.400958] x86: Booting SMP configuration:
[    0.401546] .... node  #0, CPUs:      #1
[    0.402421] kvm-clock: cpu 1, msr 0:3ffe3041, secondary cpu clock
[    0.403970] mce: CPU supports 0 MCE banks
[    0.406372] x86: Booted up 1 node, 2 CPUs
[    0.407101] smpboot: Total of 2 processors activated (13568.28 BogoMIPS)
[    0.408198] devtmpfs: initialized
[    0.409649] evm: security.selinux
[    0.410149] evm: security.SMACK64
[    0.410646] evm: security.SMACK64EXEC
[    0.411140] evm: security.SMACK64TRANSMUTE
[    0.411672] evm: security.SMACK64MMAP
[    0.412200] evm: security.ima
[    0.412633] evm: security.capability
[    0.413299] clocksource: jiffies: mask: 0xffffffff max_cycles: 0xffffffff, max_idle_ns: 7645041785100000 ns
[    0.414694] futex hash table entries: 512 (order: 3, 32768 bytes)
[    0.415511] pinctrl core: initialized pinctrl subsystem
[    0.416266] RTC time: 19:40:21, date: 03/11/19
[    0.416977] NET: Registered protocol family 16
[    0.426176] cpuidle: using governor ladder
[    0.457800] cpuidle: using governor menu
[    0.479430] PCCT header not found.
[    0.485377] ACPI: bus type PCI registered
[    0.485913] acpiphp: ACPI Hot Plug PCI Controller Driver version: 0.5
[    0.502603] PCI: Using configuration type 1 for base access
[    0.514384] ACPI: Added _OSI(Module Device)
[    0.530447] ACPI: Added _OSI(Processor Device)
[    0.531054] ACPI: Added _OSI(3.0 _SCP Extensions)
[    0.531643] ACPI: Added _OSI(Processor Aggregator Device)
[    0.532798] ACPI: Executed 1 blocks of module-level executable AML code
[    0.535161] ACPI: Interpreter enabled
[    0.535743] ACPI: (supports S0 S5)
[    0.536239] ACPI: Using IOAPIC for interrupt routing
[    0.536955] PCI: Using host bridge windows from ACPI; if necessary, use "pci=nocrs" and report a bug
[    0.540489] ACPI: PCI Root Bridge [PCI0] (domain 0000 [bus 00-ff])
[    0.559829] acpi PNP0A03:00: _OSC: OS supports [ASPM ClockPM Segments MSI]
[    0.560642] acpi PNP0A03:00: _OSC: not requesting OS control; OS requires [ExtendedConfig ASPM ClockPM MSI]
[    0.561836] acpi PNP0A03:00: fail to add MMCONFIG information, can't access extended PCI configuration space under this bridge.
[    0.563486] PCI host bridge to bus 0000:00
[    0.564050] pci_bus 0000:00: root bus resource [io  0x0000-0x0cf7 window]
[    0.564837] pci_bus 0000:00: root bus resource [io  0x0d00-0xffff window]
[    0.565630] pci_bus 0000:00: root bus resource [mem 0x000a0000-0x000bffff window]
[    0.566622] pci_bus 0000:00: root bus resource [mem 0x40000000-0xfdffffff window]
[    0.567754] pci_bus 0000:00: root bus resource [bus 00-ff]
[    0.584386] pci 0000:00:01.1: legacy IDE quirk: reg 0x10: [io  0x01f0-0x01f7]
[    0.590545] pci 0000:00:01.1: legacy IDE quirk: reg 0x14: [io  0x03f6]
[    0.596659] pci 0000:00:01.1: legacy IDE quirk: reg 0x18: [io  0x0170-0x0177]
[    0.597538] pci 0000:00:01.1: legacy IDE quirk: reg 0x1c: [io  0x0376]
[    0.608576] pci 0000:00:07.0: quirk: [io  0x4000-0x403f] claimed by PIIX4 ACPI
[    0.644834] pci 0000:00:07.0: quirk: [io  0x4100-0x410f] claimed by PIIX4 SMB
[    0.656235] ACPI: PCI Interrupt Link [LNKA] (IRQs 5 9 10 *11)
[    0.665297] ACPI: PCI Interrupt Link [LNKB] (IRQs 5 9 *10 11)
[    0.666346] ACPI: PCI Interrupt Link [LNKC] (IRQs 5 *9 10 11)
[    0.694883] ACPI: PCI Interrupt Link [LNKD] (IRQs 5 9 10 *11)
[    0.723192] ACPI: Enabled 2 GPEs in block 00 to 07
[    0.730555] vgaarb: setting as boot device: PCI:0000:00:02.0
[    0.731227] vgaarb: device added: PCI:0000:00:02.0,decodes=io+mem,owns=io+mem,locks=none
[    0.732316] vgaarb: loaded
[    0.732819] vgaarb: bridge control possible 0000:00:02.0
[    0.733676] SCSI subsystem initialized
[    0.734304] ACPI: bus type USB registered
[    0.734846] usbcore: registered new interface driver usbfs
[    0.735506] usbcore: registered new interface driver hub
[    0.736172] usbcore: registered new device driver usb
[    0.737352] PCI: Using ACPI for IRQ routing
[    0.738132] NetLabel: Initializing
[    0.738634] NetLabel:  domain hash size = 128
[    0.739189] NetLabel:  protocols = UNLABELED CIPSOv4
[    0.739805] NetLabel:  unlabeled traffic allowed by default
[    0.740615] amd_nb: Cannot enumerate AMD northbridges
[    0.741329] clocksource: Switched to clocksource kvm-clock
[    0.746674] AppArmor: AppArmor Filesystem Enabled
[    0.750110] pnp: PnP ACPI init
[    0.751069] pnp: PnP ACPI: found 3 devices
[    0.759545] clocksource: acpi_pm: mask: 0xffffff max_cycles: 0xffffff, max_idle_ns: 2085701024 ns
[    0.760715] NET: Registered protocol family 2
[    0.761389] TCP established hash table entries: 8192 (order: 4, 65536 bytes)
[    0.762226] TCP bind hash table entries: 8192 (order: 5, 131072 bytes)
[    0.763023] TCP: Hash tables configured (established 8192 bind 8192)
[    0.763808] UDP hash table entries: 512 (order: 2, 16384 bytes)
[    0.814894] UDP-Lite hash table entries: 512 (order: 2, 16384 bytes)
[    0.815687] NET: Registered protocol family 1
[    0.816281] pci 0000:00:00.0: Limiting direct PCI/PCI transfers
[    0.816987] pci 0000:00:01.0: Activating ISA DMA hang workarounds
[    0.817798] Unpacking initramfs...
[    0.973645] Freeing initrd memory: 14800K
[    0.983221] RAPL PMU detected, API unit is 2^-32 Joules, 4 fixed counters 10737418240 ms ovfl timer
[    0.984408] hw unit of domain pp0-core 2^-0 Joules
[    0.985000] hw unit of domain package 2^-0 Joules
[    0.985623] hw unit of domain dram 2^-0 Joules
[    0.986196] hw unit of domain pp1-gpu 2^-0 Joules
[    1.107745] platform rtc_cmos: registered platform RTC device (no PNP device found)
[    1.167287] Scanning for low memory corruption every 60 seconds
[    1.168452] audit: initializing netlink subsys (disabled)
[    1.169192] audit: type=2000 audit(1552333227.042:1): initialized
[    1.170197] Initialise system trusted keyring
[    1.171017] HugeTLB registered 2 MB page size, pre-allocated 0 pages
[    1.173174] zbud: loaded
[    1.186140] VFS: Disk quotas dquot_6.6.0
[    1.186795] VFS: Dquot-cache hash table entries: 512 (order 0, 4096 bytes)
[    1.187815] squashfs: version 4.0 (2009/01/31) Phillip Lougher
[    1.188839] fuse init (API version 7.23)
[    1.189477] Key type big_key registered
[    1.190040] Allocating IMA MOK and blacklist keyrings.
[    1.191749] Key type asymmetric registered
[    1.192333] Asymmetric key parser 'x509' registered
[    1.192982] Block layer SCSI generic (bsg) driver version 0.4 loaded (major 249)
[    1.194046] io scheduler noop registered
[    1.194592] io scheduler deadline registered (default)
[    1.195260] io scheduler cfq registered
[    1.195885] pci_hotplug: PCI Hot Plug PCI Core version: 0.5
[    1.196609] pciehp: PCI Express Hot Plug Controller Driver version: 0.4
[    1.197538] ACPI: AC Adapter [AC] (on-line)
[    1.198160] input: Power Button as /devices/LNXSYSTM:00/LNXPWRBN:00/input/input0
[    1.224839] ACPI: Power Button [PWRF]
[    1.225554] input: Sleep Button as /devices/LNXSYSTM:00/LNXSLPBN:00/input/input1
[    1.226550] ACPI: Sleep Button [SLPF]
[    1.227222] GHES: HEST is not enabled!
[    1.227826] Serial: 8250/16550 driver, 32 ports, IRQ sharing enabled
[    1.249998] 00:02: ttyS0 at I/O 0x3f8 (irq = 4, base_baud = 115200) is a 16550A
[    1.337455] Linux agpgart interface v0.103
[    1.339232] loop: module loaded
[    1.340128] scsi host0: ata_piix
[    1.340734] scsi host1: ata_piix
[    1.341254] ata1: PATA max UDMA/33 cmd 0x1f0 ctl 0x3f6 bmdma 0xd000 irq 14
[    1.342084] ata2: PATA max UDMA/33 cmd 0x170 ctl 0x376 bmdma 0xd008 irq 15
[    1.342990] libphy: Fixed MDIO Bus: probed
[    1.343652] tun: Universal TUN/TAP device driver, 1.6
[    1.344428] tun: (C) 1999-2004 Max Krasnyansky <maxk@qualcomm.com>
[    1.345200] PPP generic driver version 2.4.2
[    1.345847] ehci_hcd: USB 2.0 'Enhanced' Host Controller (EHCI) Driver
[    1.346625] ehci-pci: EHCI PCI platform driver
[    1.347217] ehci-platform: EHCI generic platform driver
[    1.347880] ohci_hcd: USB 1.1 'Open' Host Controller (OHCI) Driver
[    1.348621] ohci-pci: OHCI PCI platform driver
[    1.349210] ohci-platform: OHCI generic platform driver
[    1.349920] uhci_hcd: USB Universal Host Controller Interface driver
[    1.350718] i8042: PNP: PS/2 Controller [PNP0303:PS2K,PNP0f03:PS2M] at 0x60,0x64 irq 1,12
[    1.352177] serio: i8042 KBD port at 0x60,0x64 irq 1
[    1.352816] serio: i8042 AUX port at 0x60,0x64 irq 12
[    1.353531] mousedev: PS/2 mouse device common for all mice
[    1.354649] input: AT Translated Set 2 keyboard as /devices/platform/i8042/serio0/input/input2
[    1.355899] rtc_cmos rtc_cmos: rtc core: registered rtc_cmos as rtc0
[    1.356709] rtc_cmos rtc_cmos: alarms up to one day, 114 bytes nvram
[    1.357469] i2c /dev entries driver
[    1.358063] device-mapper: uevent: version 1.0.3
[    1.358721] device-mapper: ioctl: 4.34.0-ioctl (2015-10-28) initialised: dm-devel@redhat.com
[    1.359825] ledtrig-cpu: registered to indicate activity on CPUs
[    1.360879] NET: Registered protocol family 10
[    1.361612] NET: Registered protocol family 17
[    1.362230] Key type dns_resolver registered
[    1.362962] registered taskstats version 1
[    1.363547] Loading compiled-in X.509 certificates
[    1.364696] Loaded X.509 cert 'Build time autogenerated kernel key: bff73e56bc0efa7435b2a24f5427674623f1be80'
[    1.365961] zswap: loaded using pool lzo/zbud
[    1.367908] Key type trusted registered
[    1.370887] Key type encrypted registered
[    1.371440] AppArmor: AppArmor sha1 policy hashing enabled
[    1.372142] ima: No TPM chip found, activating TPM-bypass!
[    1.372820] ima: Allocated hash algorithm: sha1
[    1.373419] evm: HMAC attrs: 0x1
[    1.374131]   Magic number: 11:954:697
[    1.374721] rtc_cmos rtc_cmos: setting system clock to 2019-03-11 19:40:22 UTC (1552333222)
[    1.375895] BIOS EDD facility v0.16 2004-Jun-25, 0 devices found
[    1.376622] EDD information not available.
[    1.498200] Freeing unused kernel memory: 1484K
[    1.498831] Write protecting the kernel read-only data: 14336k
[    1.499882] Freeing unused kernel memory: 1624K
[    1.500645] Freeing unused kernel memory: 92K
Loading, please wait...
starting version 229
[    1.510878] random: systemd-udevd: uninitialized urandom read (16 bytes read, 2 bits of entropy available)
[    1.511583] random: udevadm: uninitialized urandom read (16 bytes read, 2 bits of entropy available)
[    1.511608] random: udevadm: uninitialized urandom read (16 bytes read, 2 bits of entropy available)
[    1.516090] random: systemd-udevd: uninitialized urandom read (16 bytes read, 2 bits of entropy available)
[    1.517895] random: systemd-udevd: uninitialized urandom read (16 bytes read, 2 bits of entropy available)
[    1.519635] random: systemd-udevd: uninitialized urandom read (16 bytes read, 2 bits of entropy available)
[    1.520335] random: udevadm: uninitialized urandom read (16 bytes read, 2 bits of entropy available)
[    1.520384] random: udevadm: uninitialized urandom read (16 bytes read, 2 bits of entropy available)
[    1.520536] random: udevadm: uninitialized urandom read (16 bytes read, 2 bits of entropy available)
[    1.520595] random: udevadm: uninitialized urandom read (16 bytes read, 2 bits of entropy available)
[    1.559085] e1000: Intel(R) PRO/1000 Network Driver - version 7.3.21-k8-NAPI
[    1.561727] e1000: Copyright (c) 1999-2006 Intel Corporation.
[    1.563156] Fusion MPT base driver 3.04.20
[    1.563850] Copyright (c) 1999-2008 LSI Corporation
[    1.568016] Fusion MPT SPI Host driver 3.04.20
[    1.578293] AVX2 version of gcm_enc/dec engaged.
[    1.583683] AES CTR mode by8 optimization enabled
[    1.784084] input: ImExPS/2 Generic Explorer Mouse as /devices/platform/i8042/serio1/input/input4
[    2.674657] tsc: Refined TSC clocksource calibration: 3392.055 MHz
[    2.679431] clocksource: tsc: mask: 0xffffffffffffffff max_cycles: 0x30e4fd70b2f, max_idle_ns: 440795315794 ns
[    3.915248] e1000 0000:00:03.0 eth0: (PCI:33MHz:32-bit) 02:d2:eb:b6:4d:8b
[    4.074637] e1000 0000:00:03.0 eth0: Intel(R) PRO/1000 Network Connection
[    4.582904] mptbase: ioc0: Initiating bringup
[    4.583441] e1000 0000:00:03.0 enp0s3: renamed from eth0
[    4.674440] ioc0: LSI53C1030 A0: Capabilities={Initiator}
[    4.996096] scsi host2: ioc0: LSI53C1030 A0, FwRev=00000000h, Ports=1, MaxQ=256, IRQ=20
[    5.273830] scsi 2:0:0:0: Direct-Access     VBOX     HARDDISK         1.0  PQ: 0 ANSI: 5
[    5.697125] scsi target2:0:0: Beginning Domain Validation
[    5.958356] scsi target2:0:0: Domain Validation skipping write tests
[    5.959197] scsi target2:0:0: Ending Domain Validation
[    5.959953] scsi target2:0:0: asynchronous
[    5.960853] scsi 2:0:1:0: Direct-Access     VBOX     HARDDISK         1.0  PQ: 0 ANSI: 5
[    5.961956] scsi target2:0:1: Beginning Domain Validation
[    5.970757] scsi target2:0:1: Domain Validation skipping write tests
[    5.971617] scsi target2:0:1: Ending Domain Validation
[    5.972354] scsi target2:0:1: asynchronous
[    5.976509] sd 2:0:0:0: [sda] 20971520 512-byte logical blocks: (10.7 GB/10.0 GiB)
[    5.977654] sd 2:0:0:0: Attached scsi generic sg0 type 0
[    5.978392] sd 2:0:0:0: [sda] Write Protect is off
[    5.979142] sd 2:0:0:0: [sda] Incomplete mode parameter data
[    5.979869] sd 2:0:0:0: [sda] Assuming drive cache: write through
[    5.981346] sd 2:0:1:0: Attached scsi generic sg1 type 0
[    5.981389] sd 2:0:1:0: [sdb] 20480 512-byte logical blocks: (10.5 MB/10.0 MiB)
[    5.981551] sd 2:0:1:0: [sdb] Write Protect is off
[    5.981618] sd 2:0:1:0: [sdb] Incomplete mode parameter data
[    5.981619] sd 2:0:1:0: [sdb] Assuming drive cache: write through
[    6.029436]  sda: sda1
[    6.045219] sd 2:0:1:0: [sdb] Attached SCSI disk
[    6.093720] sd 2:0:0:0: [sda] Attached SCSI disk
Begin: Loading e[    7.378097] md: linear personality registered for level -1
ssential drivers[    7.456503] md: multipath personality registered for level -4
 ... [    7.543474] md: raid0 personality registered for level 0
[    7.548277] md: raid1 personality registered for level 1
[    7.617368] raid6: sse2x1   gen() 11914 MB/s
[    7.689359] raid6: sse2x1   xor()  9125 MB/s
[    7.757359] raid6: sse2x2   gen() 14315 MB/s
[    7.841358] raid6: sse2x2   xor()  9601 MB/s
[    7.957366] raid6: sse2x4   gen() 17541 MB/s
[    8.093372] raid6: sse2x4   xor() 12569 MB/s
[    8.189357] raid6: avx2x1   gen() 23423 MB/s
[    8.281362] raid6: avx2x2   gen() 27291 MB/s
[    8.377359] raid6: avx2x4   gen() 28566 MB/s
[    8.401780] raid6: using algorithm avx2x4 gen() 28566 MB/s
[    8.402507] raid6: using avx2x2 recovery algorithm
[    8.404373] xor: automatically using best checksumming function:
[    8.466006]    avx       : 72837.000 MB/sec
[    8.655821] async_tx: api initialized (async)
[    8.663164] md: raid6 personality registered for level 6
[    8.723224] md: raid5 personality registered for level 5
[    8.729118] md: raid4 personality registered for level 4
[    8.734956] md: raid10 personality registered for level 10
done.
Begin: Running /scripts/init-premount ... done.
Begin: Mounting root file system ... Begin: Running /scripts/local-top ... done.
Begin: Running /scripts/local-premount ... [    8.760735] Btrfs loaded
Scanning for Btrfs filesystems
done.
Warning: fsck not present, so skipping root file system
[    8.849205] EXT4-fs (sda1): mounted filesystem with ordered data mode. Opts: (null)
done.
Begin: Running /scripts/local-bottom ... done.
Begin: Running /scripts/init-bottom ... done.
[    9.337686] systemd[1]: systemd 229 running in system mode. (+PAM +AUDIT +SELINUX +IMA +APPARMOR +SMACK +SYSVINIT +UTMP +LIBCRYPTSETUP +GCRYPT +GNUTLS +ACL +XZ -LZ4 +SECCOMP +BLKID +ELFUTILS +KMOD -IDN)
[    9.339881] systemd[1]: Detected virtualization oracle.
[    9.340524] systemd[1]: Detected architecture x86-64.

Welcome to [1mUbuntu 16.04.6 LTS[0m!

[    9.368467] systemd[1]: Set hostname to <ubuntu>.
[    9.377482] systemd[1]: Initializing machine ID from random generator.
[    9.378533] systemd[1]: Installed transient /etc/machine-id file.
[    9.946571] random: nonblocking pool is initialized
[    9.957002] systemd[1]: Listening on Journal Socket (/dev/log).
[[0;32m  OK  [0m] Listening on Journal Socket (/dev/log).
[    9.958597] systemd[1]: Listening on Syslog Socket.
[[0;32m  OK  [0m] Listening on Syslog Socket.
[    9.959917] systemd[1]: Listening on /dev/initctl Compatibility Named Pipe.
[[0;32m  OK  [0m] Listening on /dev/initctl Compatibility Named Pipe.
[    9.961603] systemd[1]: Listening on LVM2 metadata daemon socket.
[[0;32m  OK  [0m] Listening on LVM2 metadata daemon socket.
[    9.963114] systemd[1]: Listening on udev Kernel Socket.
[[0;32m  OK  [0m] Listening on udev Kernel Socket.
[    9.964507] systemd[1]: Reached target User and Group Name Lookups.
[[0;32m  OK  [0m] Reached target User and Group Name Lookups.
[    9.966510] systemd[1]: Created slice User and Session Slice.
[[0;32m  OK  [0m] Created slice User and Session Slice.
[    9.968289] systemd[1]: Created slice System Slice.
[[0;32m  OK  [0m] Created slice System Slice.
[    9.969813] systemd[1]: Reached target Encrypted Volumes.
[[0;32m  OK  [0m] Reached target Encrypted Volumes.
[    9.971348] systemd[1]: Listening on Journal Socket.
[[0;32m  OK  [0m] Listening on Journal Socket.
[    9.981420] systemd[1]: Mounting OOII  eessaeeQQueu  File System...
         Mounting POSIX Message Queue File System...
[   10.160269] systemd[1]: Starting Nameserver information manager...
         Starting Nameserver information manager...
[   10.162213] systemd[1]: Starting Remount Root and Kernel File Systems...
         Starting Remount Root and Kernel File Systems...
[   10.164134] systemd[1]: Mounting Debug File System...
         Mounting Debug File System...
[   10.165725] systemd[1]: Starting Uncomplicated firewall...
         Starting Uncomplicated firewall...
[   10.167701] systemd[1]: Starting Create list of required static device nodes for the current kernel...
         Starting Create list of required st... nodes for the current kernel...
[   10.173109] systemd[1]: Listening on Device-mapper event daemon FIFOs.
[[0;32m  OK  [0m] Listening on Device-mapper event daemon FIFOs.
[   10.175310] systemd[1]: Starting Monitoring of LVM2 mirrors, snapshots etc. using dmeventd or progress polling...
         Starting Monitoring of LVM2 mirrors... dmeventd or progress polling...
[   10.177622] systemd[1]: Started Trigger resolvconf update for networkd DNS.
[[0;32m  OK  [0m] Started Trigger resolvconf update for networkd DNS.
[   10.179433] systemd[1]: Created slice system-serial\x2dgetty.slice.
[[0;32m  OK  [0m] Created slice system-serial\x2dgetty.slice.
[   10.181431] systemd[1]: Mounting Huge Pages File System...
         Mounting Huge Pages File System...
[   10.183800] systemd[1]: Listening on udev Control Socket.
[   10.184782] EXT4-fs (sda1): re-mounted. Opts: (null)
[[0;32m  OK  [0m] Listening on udev Control Socket.
[   10.185842] systemd[1]: Set up automount Arbitrary Executable File Formats File System Automount Point.
[[0;32m  OK  [0m] Set up automount Arbitrary Executab...ats File System Automount Point.
[   10.188024] systemd[1]: Listening on LVM2 poll daemon socket.
[[0;32m  OK  [0m] Listening on LVM2 poll daemon socket.
[   10.189492] systemd[1]: Reached target System Time Synchronized.
[[0;32m  OK  [0m] Reached target System Time Synchronized.
[   10.253524] systemd[1]: Starting Load Kernel Modules...
[   10.337900] Loading iSCSI transport class v2.0-870.
         Starting Load Kernel Modules...
[   10.339507] systemd[1]: Starting Set console keymap...
         Starting Set console keymap...
[   10.342782] systemd[1]: Started Forward Password Requests to Wall Directory Watch.
[[0;32m  OK  [0m] Started Forward Password Requests to Wall Directory Watch.
[   10.352230] systemd[1]: Reached target Slices.
[[0;32m  OK  [0m] Reached target Slices.
[   10.438892] systemd[1]: Reached target Swap.
[[0;32m  OK  [0m] Reached target Swap.
[   10.443338] systemd[1]: Listening on Journal Audit Socket.
[   10.443684] iscsi: registered transport (tcp)
[[0;32m  OK  [0m] Listening on Journal Audit Socket.
[   10.457496] systemd[1]: Starting Journal Service...
         Starting Journal Service...
[   10.600276] systemd[1]: Mounted Debug File System.
[[0;32m  OK  [0m] Mounted Debug File System.
[   10.601854] systemd[1]: Mounted POSIX Message Queue File System.
[[0;32m  OK  [0m] Mounted POSIX Message Queue File System.
[   10.603558] systemd[1]: Mounted Huge Pages File System.
[[0;32m  OK  [0m] Mounted Huge Pages File System.
[   10.606526] systemd[1]: Started Remount Root and Kernel File Systems.
[[0;32m  OK  [0m] Started Remount Root and Kernel File Systems.
[   10.610922] systemd[1]: Started Uncomplicated firewall.
[[0;32m  OK  [0m] Started Uncomplicated firewall.
[   10.612535] systemd[1]: Started Create list of required static device nodes for the current kernel.
[[0;32m  OK  [0m] Started Create list of required sta...ce nodes for the current kernel.
[   10.618398] systemd[1]: Started Set console keymap.
[[0;32m  OK  [0m] Started Set console keymap.
[   10.620383] systemd[1]: Started Nameserver information manager.
[[0;32m  OK  [0m] Started Nameserver information manager.
[   10.653685] systemd[1]: Started LVM2 metadata daemon.
[[0;32m  OK  [0m] Started LVM2 metadata daemon.
[   10.700339] iscsi: registered transport (iser)
[   10.757496] systemd[1]: Starting Create Static Device Nodes in /dev...
         Starting Create Static Device Nodes in /dev...
[   10.767692] systemd[1]: Starting udev Coldplug all Devices...
         Starting udev Coldplug all Devices...
[   10.770883] systemd[1]: Starting Load/Save Random Seed...
         Starting Load/Save Random Seed...
[   10.774422] systemd[1]: Started Journal Service.
[[0;32m  OK  [0m] Started Journal Service.
[[0;32m  OK  [0m] Started Load Kernel Modules.
         Starting Apply Kernel Variables...
         Mounting FUSE Control File System...
         Starting Flush Journal to Persistent Storage...
[[0;32m  OK  [0m] Mounted FUSE Control File System.
[[0;32m  OK  [0m] Started Load/Save Random Seed.
[   10.891084] systemd-journald[397]: Received request to flush runtime journal from PID 1
[[0;32m  OK  [0m] Started udev Coldplug all Devices.
[[0;32m  OK  [0m] Started Apply Kernel Variables.
[[0;32m  OK  [0m] Started Flush Journal to Persistent Storage.
[[0;32m  OK  [0m] Started Create Static Device Nodes in /dev.
         Starting udev Kernel Device Manager...
[[0;32m  OK  [0m] Started udev Kernel Device Manager.
[[0;32m  OK  [0m] Started Dispatch Password Requests to Console Directory Watch.
[[0;32m  OK  [0m] Found device /dev/ttyS0.
[[0;32m  OK  [0m] Listening on Load/Save RF Kill Switch Status /dev/rfkill Watch.
[[0;32m  OK  [0m] Started Monitoring of LVM2 mirrors,...ng dmeventd or progress polling.
[[0;32m  OK  [0m] Reached target Local File Systems (Pre).
[[0;32m  OK  [0m] Reached target Local File Systems.
         Starting Commit a transient machine-id on disk...
         Starting LSB: AppArmor initialization...
         Starting Create Volatile Files and Directories...
         Starting Initial cloud-init job (pre-networking)...
         Starting Set console font and keymap...
         Starting Tell Plymouth To Write Out Runtime Data...
[[0;32m  OK  [0m] Started Commit a transient machine-id on disk.
[[0;32m  OK  [0m] Started Create Volatile Files and Directories.
[[0;32m  OK  [0m] Started Tell Plymouth To Write Out Runtime Data.
         Starting Update UTMP about System Boot/Shutdown...
[[0;32m  OK  [0m] Started Update UTMP about System Boot/Shutdown.
[[0;32m  OK  [0m] Started LSB: AppArmor initialization.
[[0;32m  OK  [0m] Started Set console font and keymap.
[[0;32m  OK  [0m] Created slice system-getty.slice.
[   14.618996] cloud-init[577]: Cloud-init v. 18.5-21-g8ee294d5-0ubuntu1~16.04.1 running 'init-local' at Mon, 11 Mar 2019 19:40:35 +0000. Up 14.27 seconds.
[[0;32m  OK  [0m] Started Initial cloud-init job (pre-networking).
[[0;32m  OK  [0m] Reached target Network (Pre).
         Starting Raise network interfaces...
[[0;32m  OK  [0m] Started Raise network interfaces.
         Starting Initial cloud-init job (metadata service crawler)...
[[0;32m  OK  [0m] Reached target Network.
[   16.726711] cloud-init[927]: Cloud-init v. 18.5-21-g8ee294d5-0ubuntu1~16.04.1 running 'init' at Mon, 11 Mar 2019 19:40:36 +0000. Up 15.11 seconds.
[   16.744890] cloud-init[927]: ci-info: ++++++++++++++++++++++++++++++++++++++Net device info++++++++++++++++++++++++++++++++++++++
[   16.746272] cloud-init[927]: ci-info: +--------+------+----------------------------+---------------+--------+-------------------+
[   16.747671] cloud-init[927]: ci-info: | Device |  Up  |          Address           |      Mask     | Scope  |     Hw-Address    |
[   16.749048] cloud-init[927]: ci-info: +--------+------+----------------------------+---------------+--------+-------------------+
[   16.750382] cloud-init[927]: ci-info: | enp0s3 | True |         10.0.2.15          | 255.255.255.0 | global | 02:d2:eb:b6:4d:8b |
[   16.756160] cloud-init[927]: ci-info: | enp0s3 | True | fe80::d2:ebff:feb6:4d8b/64 |       .       |  link  | 02:d2:eb:b6:4d:8b |
[[0;32m  OK  [0m] Started Initial cloud-init job (metadata service crawler).
[[   16.798058] cloud-init[927]: ci-info: |   lo   | True |         127.0.0.1          |   255.0.0.0   |  host  |         .         |
[   16.801154] cloud-init[927]: ci-info: |   lo   | True |          ::1/128           |       .       |  host  |         .         |
[   16.802087] cloud-init[927]: ci-info: +--------+------+----------------------------+---------------+--------+-------------------+
[   16.802116] cloud-init[927]: ci-info: +++++++++++++++++++++++++++Route IPv4 info++++++++++++++++++++++++++++
[   16.802143] cloud-init[927]: ci-info: +-------+-------------+----------+---------------+-----------+-------+
[   16.802169] cloud-init[927]: ci-info: | Route | Destination | Gateway  |    Genmask    | Interface | Flags |
[   16.802195] cloud-init[927]: ci-info: +-------+-------------+----------+---------------+-----------+-------+
[   16.802227] cloud-init[927]: ci-info: |   0   |   0.0.0.0   | 10.0.2.2 |    0.0.0.0    |   enp0s3  |   UG  |
[   16.802254] cloud-init[927]: ci-info: |   1   |   10.0.2.0  | 0.0.0.0  | 255.255.255.0 |   enp0s3  |   U   |
[   16.802279] cloud-init[927]: ci-info: +-------+-------------+----------+---------------+-----------+-------+
[   16.802304] cloud-init[927]: ci-info: +++++++++++++++++++Route IPv6 info+++++++++++++++++++
[   16.802331] cloud-init[927]: ci-info: +-------+-------------+---------+-----------+-------+
[   16.802357] cloud-init[927]: ci-info: | Route | Destination | Gateway | Interface | Flags |
[   16.802385] cloud-init[927]: ci-info: +-------+-------------+---------+-----------+-------+
[   16.802414] cloud-init[927]: ci-info: |   0   |  fe80::/64  |    ::   |   enp0s3  |   U   |
[   16.802438] cloud-init[927]: ci-info: |   3   |   ff00::/8  |    ::   |   enp0s3  |   U   |
[   16.802466] cloud-init[927]: ci-info: +-------+-------------+---------+-----------+-------+
[   16.802532] cloud-init[927]: Generating public/private rsa key pair.
[   16.802561] cloud-init[927]: Your identification has been saved in /etc/ssh/ssh_host_rsa_key.
[   16.802587] cloud-init[927]: Your public key has been saved in /etc/ssh/ssh_host_rsa_key.pub.
[   16.802612] cloud-init[927]: The key fingerprint is:
[   16.802637] cloud-init[927]: SHA256:PPf0Fj2PoJ2mUpu3rYKB/Xa8RZ6FiSBF9HFZG7fTRzw root@ubuntu-xenial
[   16.802662] cloud-init[927]: The key's randomart image is:
[   16.802687] cloud-init[927]: +---[RSA 2048]----+
[   16.802712] cloud-init[927]: |         o+ . .=+|
[   16.802737] cloud-init[927]: |         . . o.EB|
[   16.802764] cloud-init[927]: |        . . .  ++|
[   16.802789] cloud-init[927]: |       . . . . +o|
[   16.802814] cloud-init[927]: |       oS . + =.o|
[   16.802840] cloud-init[927]: |      . oo.= * =o|
[   16.802865] cloud-init[927]: |         =.+= B .|
[   16.802889] cloud-init[927]: |        o *o++   |
[   16.802914] cloud-init[927]: |         o.+++.  |
[   16.802939] cloud-init[927]: +----[SHA256]-----+
[   16.802965] cloud-init[927]: Generating public/private dsa key pair.
[   16.802991] cloud-init[927]: Your identification has been saved in /etc/ssh/ssh_host_dsa_key.
[   16.803015] cloud-init[927]: Your public key has been saved in /etc/ssh/ssh_host_dsa_key.pub.
[   16.803041] cloud-init[927]: The key fingerprint is:
[   16.803066] cloud-init[927]: SHA256:srBpKAUcw2AYlvKXw5bC8j5sPc8NIZpukKHUnPOlKcs root@ubuntu-xenial
[   16.803092] [0;32m  OK  [0m] Reached target System Initialization.
[[0;32m  OK  [0m] Listening on ACPID Listen Socket.
[[0;32m  OK  [0m] Started Daily Cleanup of Temporary Directories.
cloud-init[927]: The key's randomart image is:
[   16.844659] cloud-init[927]: +---[DSA 1024]----+
         [   16.844847] cloud-init[927]: |**.              |
Starting LXD - unix socket.[   16.845316] cloud-init[927]: |*oo              |

[   16.845890] cloud-init[927]: |o+o..o           |
[   16.846354] cloud-init[927]: |oo+=B  .         |
[   16.846546] cloud-init[927]: |o=.+=.* S        |
[   16.846727] cloud-init[927]: |+..= O +         |
[   16.846900] cloud-init[927]: |.+=.* o          |
[   16.847080] cloud-init[927]: | o*Eo. o         |
[   16.847260] cloud-init[927]: | o.. oo .        |
[   16.847440] cloud-init[927]: +----[SHA256]-----+
[   16.847619] cloud-init[927]: Generating public/private ecdsa key pair.
[   16.847801] cloud-init[927]: Your identification has been saved in /etc/ssh/ssh_host_ecdsa_key.
[   16.847979] cloud-init[927]: Your public key has been saved in /etc/ssh/ssh_host_ecdsa_key.pub.
[   16.848174] cloud-init[927]: The key fingerprint is:
[   16.848342] cloud-init[927]: SHA256:+EsSsvR0nH5Uw+lxTlvW4ngxTAAdIzfog6Px67wgXxo root@ubuntu-xenial
[   16.848522] cloud-init[927]: The key's randomart image is:
[   16.848699] cloud-init[927]: +---[ECDSA 256]---+
[   16.848880] cloud-init[927]: |          o+*o.  |
[   16.849059] cloud-init[927]: |          .+.*  .|
[   16.849237] cloud-init[927]: |         o  * B +|
[   16.849419] cloud-init[927]: |      .oo.oo O B |
[   16.849598] cloud-init[927]: |    o ++S...o =  |
[   16.849779] cloud-init[927]: |   . =.=..   .   |
[   16.849959] cloud-init[927]: |    o E =..      |
[   16.850136] cloud-init[927]: |     o O.o       |
[   16.850319] cloud-init[927]: |      o.=.       |
[   16.850515] cloud-init[927]: +----[SHA256]-----+
[   16.850705] cloud-init[927]: Generating public/private ed25519 key pair.
[   16.850882] cloud-init[927]: Your identification has been saved in /etc/ssh/ssh_host_ed25519_key.
[   16.851062] cloud-init[927]: Your public key has been saved in /etc/ssh/ssh_host_ed25519_key.pub.
[   16.851243] cloud-init[927]: The key fingerprint is:
[   16.851421] cloud-init[927]: SHA256:HtBuwFOR8+1kO6F4iR4KQh8u0ibE9O3DcWGR4x0ENFY root@ubuntu-xenial
[   16.851601] cloud-init[927]: The key's randomart image is:
[   16.851780] cloud-init[927]: +--[ED25519 256]--+
[   16.851959] cloud-init[927]: |      .*OE       |
[   16.852177] cloud-init[927]: | .   ..B+.       |
[   16.852346] cloud-init[927]: |o . . B =o..     |
[   16.852524] cloud-init[927]: | o...o B .. =    |
[   16.852704] cloud-init[927]: |.o oo.o So * o   |
[   16.852902] cloud-init[927]: |o = ++ o+.+ +    |
[   16.853083] cloud-init[927]: | + o ..o.o   .   |
[   16.853261] cloud-init[927]: |      . .        |
[   16.853619] cloud-init[927]: |                 |
[   16.853806] cloud-init[927]: +----[SHA256]-----+
[[0;32m  OK  [0m] Started ACPI Events Check.
[[0;32m  OK  [0m] Reached target Paths.
[[0;32m  OK  [0m] Listening on D-Bus System Message Bus Socket.
[[0;32m  OK  [0m] Started Daily apt download activities.
         Starting Socket activation for snappy daemon.
[[0;32m  OK  [0m] Listening on UUID daemon activation socket.
[[0;32m  OK  [0m] Started Daily apt upgrade and clean activities.
[[0;32m  OK  [0m] Reached target Timers.
[[0;32m  OK  [0m] Reached target Network is Online.
         Starting iSCSI initiator daemon (iscsid)...
[[0;32m  OK  [0m] Reached target Cloud-config availability.
[[0;32m  OK  [0m] Listening on LXD - unix socket.
[[0;32m  OK  [0m] Listening on Socket activation for snappy daemon.
[[0;32m  OK  [0m] Reached target Sockets.
[[0;32m  OK  [0m] Reached target Basic System.
         Starting Login Service...
[[0;32m  OK  [0m] Started Unattended Upgrades Shutdown.
         Starting LXD - container startup/shutdown...
[[0;32m  OK  [0m] Started Regular background program processing daemon.
         Starting Snappy daemon...
         Starting System Logging Service...
[[0;32m  OK  [0m] Started ACPI event daemon.
         Starting Accounts Service...
[[0;32m  OK  [0m] Started D-Bus System Message Bus.
         Starting Virtualbox guest utils...
         Starting LSB: MD monitoring daemon...
[[0;32m  OK  [0m] Started Deferred execution scheduler.
         Starting LSB: Record successful boot for GRUB...
         Starting Pollinate to seed the pseudo random number generator...
         Starting /etc/rc.local Compatibility...
[[0;32m  OK  [0m] Started FUSE filesystem for LXC.
[[0;32m  OK  [0m] Started System Logging Service.
[[0;32m  OK  [0m] Started /etc/rc.local Compatibility.
[[0;32m  OK  [0m] Started Login Service.
         Starting Authenticate and Authorize Users to Run Privileged Tasks...
[[0;32m  OK  [0m] Started LSB: Record successful boot for GRUB.
[[0;32m  OK  [0m] Started iSCSI initiator daemon (iscsid).
[[0;32m  OK  [0m] Started LSB: MD monitoring daemon.
         Starting Login to default iSCSI targets...
[[0;32m  OK  [0m] Started Authenticate and Authorize Users to Run Privileged Tasks.
[[0;32m  OK  [0m] Started Accounts Service.
[[0;32m  OK  [0m] Started Login to default iSCSI targets.
[[0;32m  OK  [0m] Reached target Remote File Systems (Pre).
[[0;32m  OK  [0m] Reached target Remote File Systems.
         Starting Permit User Sessions...
         Starting LSB: automatic crash report generation...
         Starting LSB: daemon to balance interrupts for SMP systems...
         Starting LSB: Set the CPU Frequency Scaling governor to "ondemand"...
[[0;32m  OK  [0m] Started Permit User Sessions.
[[0;32m  OK  [0m] Started LSB: Set the CPU Frequency Scaling governor to "ondemand".
         Starting Terminate Plymouth Boot Screen...
         Starting Hold until boot process finishes up...
[[0;32m  OK  [0m] Started Hold until boot process finishes up.
[[0;32m  OK  [0m] Started Getty on tty1.
         Starting Set console scheme...
[[0;32m  OK  [0m] Started Serial Getty on ttyS0.
[[0;32m  OK  [0m] Reached target Login Prompts.
[[0;32m  OK  [0m] Started Terminate Plymouth Boot Screen.
[[0;32m  OK  [0m] Started LSB: automatic crash report generation.
[[0;32m  OK  [0m] Started Virtualbox guest utils.
[[0;32m  OK  [0m] Started LSB: daemon to balance interrupts for SMP systems.
[[0;32m  OK  [0m] Started Set console scheme.
[[0;32m  OK  [0m] Started LXD - container startup/shutdown.
[[0;32m  OK  [0m] Started Snappy daemon.
         Starting Wait until snapd is fully seeded...
[[0;32m  OK  [0m] Started Pollinate to seed the pseudo random number generator.
         Starting OpenBSD Secure Shell server...
[[0;32m  OK  [0m] Started OpenBSD Secure Shell server.
[[0;32m  OK  [0m] Created slice User Slice of vagrant.
         Starting User Manager for UID 1000...
[[0;32m  OK  [0m] Started Session 1 of user vagrant.
[[0;32m  OK  [0m] Started User Manager for UID 1000.
[[0;32m  OK  [0m] Started Wait until snapd is fully seeded.
[[0;32m  OK  [0m] Reached target Multi-User System.
[[0;32m  OK  [0m] Reached target Graphical Interface.
         Starting Update UTMP about System Runlevel Changes...
         Starting Apply the settings specified in cloud-config...
[[0;32m  OK  [0m] Started Update UTMP about System Runlevel Changes.
[   21.742251] cloud-init[1263]: Generating locales (this might take a while)...
[   23.098744] cloud-init[1263]:   en_US.UTF-8... done
[   23.120273] cloud-init[1263]: Generation complete.
[   23.958653] cloud-init[1263]: Cloud-init v. 18.5-21-g8ee294d5-0ubuntu1~16.04.1 running 'modules:config' at Mon, 11 Mar 2019 19:40:43 +0000. Up 21.49 seconds.
ci-info: no authorized ssh keys fingerprints found for user ubuntu.
<14>Mar 11 19:40:45 ec2: 
<14>Mar 11 19:40:45 ec2: #############################################################
<14>Mar 11 19:40:45 ec2: -----BEGIN SSH HOST KEY FINGERPRINTS-----
<14>Mar 11 19:40:45 ec2: 1024 SHA256:srBpKAUcw2AYlvKXw5bC8j5sPc8NIZpukKHUnPOlKcs root@ubuntu-xenial (DSA)
<14>Mar 11 19:40:45 ec2: 256 SHA256:+EsSsvR0nH5Uw+lxTlvW4ngxTAAdIzfog6Px67wgXxo root@ubuntu-xenial (ECDSA)
<14>Mar 11 19:40:45 ec2: 256 SHA256:HtBuwFOR8+1kO6F4iR4KQh8u0ibE9O3DcWGR4x0ENFY root@ubuntu-xenial (ED25519)
<14>Mar 11 19:40:45 ec2: 2048 SHA256:PPf0Fj2PoJ2mUpu3rYKB/Xa8RZ6FiSBF9HFZG7fTRzw root@ubuntu-xenial (RSA)
<14>Mar 11 19:40:45 ec2: -----END SSH HOST KEY FINGERPRINTS-----
<14>Mar 11 19:40:45 ec2: #############################################################
-----BEGIN SSH HOST KEY KEYS-----
ecdsa-sha2-nistp256 AAAAE2VjZHNhLXNoYTItbmlzdHAyNTYAAAAIbmlzdHAyNTYAAABBBFe4lUc7FZe0ZiQ2868OZEk6LlpOp86hCG/l6JPrRFfIoKRzJtKf5f6DvEFqBMp8H5RzaHrSNHCb4BnY/Hyz/78= root@ubuntu-xenial
ssh-ed25519 AAAAC3NzaC1lZDI1NTE5AAAAIB8a+MztOvy44lubSOw3x3ZQkcRRfQ6udWr0rZtolySc root@ubuntu-xenial
ssh-rsa AAAAB3NzaC1yc2EAAAADAQABAAABAQDMuzhlwbUfzT2J7ncSIW/0ATRNUEMk9H4t4REwysz/qdGM87s+MrUsSiI4+6A6Wqi4kUxxUHVEQdM02hL7nzmi08/2aaYa9PW3j78BHV0DEirGWWW5gB383ShVlJPzbLDY6gR4B1y2A5S1Komv9cNh/Xd93fxCLbQXDuZaexEV2Bz0Oaxoy8npyPrV89qwbnPq+UykmjV4e0+QIEVfbCduyTvb3Q7QmAKPNl1D9Ass/vxQcjOehEiJUW+ejtIadhTj+S71dfQ6PLOqVMR43pieieKnTx5DWLCAKW1wz7C0BXGjkGdD6v9X+2sVTnhJvFFGYK5ou+WU42VJFdjrBfAH root@ubuntu-xenial
-----END SSH HOST KEY KEYS-----
[   24.306242] cloud-init[1422]: Cloud-init v. 18.5-21-g8ee294d5-0ubuntu1~16.04.1 running 'modules:final' at Mon, 11 Mar 2019 19:40:45 +0000. Up 24.20 seconds.
[   24.306398] cloud-init[1422]: ci-info: no authorized ssh keys fingerprints found for user ubuntu.
[   24.306484] cloud-init[1422]: Cloud-init v. 18.5-21-g8ee294d5-0ubuntu1~16.04.1 finished at Mon, 11 Mar 2019 19:40:45 +0000. Datasource DataSourceNoCloud [seed=/dev/sdb][dsmode=net].  Up 24.29 seconds

Ubuntu 16.04.6 LTS ubuntu-xenial ttyS0

ubuntu-xenial login: 