2019-07-07 09:22:25,937 :: INFO :: Start experiment: djoudi-174583
2019-07-07 09:22:25,950 :: INFO :: Control node : Starting of control node serial interface
2019-07-07 09:22:25,962 :: INFO :: Control node : reset
2019-07-07 09:22:25,973 :: INFO :: Reset Control Node
2019-07-07 09:22:29,168 :: INFO :: Control node : start power of open node
2019-07-07 09:22:29,224 :: INFO :: Node OpenOCD: Setup of openocd node
2019-07-07 09:22:32,256 :: INFO :: Node OpenOCD: flash of openocd node
2019-07-07 09:22:32,271 :: INFO :: Flash firmware on OpenOCD: /usr/lib/python2.7/site-packages/gateway_code/static/m3_idle.elf
2019-07-07 09:22:37,642 :: INFO :: Control node : Start experiment
2019-07-07 09:22:37,702 :: INFO :: Control Node set time delay: 1068 us
2019-07-07 09:22:37,727 :: INFO :: Control node : profile configuration
2019-07-07 09:22:37,734 :: INFO :: Configure profile on Control Node
2019-07-07 09:22:37,809 :: INFO :: Start experiment succeeded
2019-07-07 09:52:42,569 :: INFO :: Gateway Manager : Stop experiment
2019-07-07 09:52:42,589 :: INFO :: Stop experiment
2019-07-07 09:52:42,605 :: INFO :: Control node : stop of the experiment
2019-07-07 09:52:42,619 :: INFO :: Control node : profile configuration
2019-07-07 09:52:42,634 :: INFO :: Configure profile on Control Node
2019-07-07 09:52:42,692 :: INFO :: Control node : start power of open node
2019-07-07 09:52:42,714 :: INFO :: Node OpenOCD: teardown of openocd node
2019-07-07 09:52:45,755 :: INFO :: openocd node debugger stop
2019-07-07 09:52:46,432 :: INFO :: Node OpenOCD: flash of openocd node
2019-07-07 09:52:46,447 :: INFO :: Flash firmware on OpenOCD: /usr/lib/python2.7/site-packages/gateway_code/static/m3_idle.elf
2019-07-07 09:52:49,522 :: INFO :: Control node : Stop control node serial interface
2019-07-07 09:52:49,531 :: INFO :: Control node : stop power of open node
2019-07-07 09:52:49,584 :: INFO :: Control node : reset
2019-07-07 09:52:49,591 :: INFO :: Reset Control Node
2019-07-07 09:52:52,633 :: INFO :: Stop experiment succeeded
