2019-07-07 09:22:25,941 :: INFO :: Start experiment: djoudi-174583
2019-07-07 09:22:25,953 :: INFO :: Control node : Starting of control node serial interface
2019-07-07 09:22:25,964 :: INFO :: Control node : reset
2019-07-07 09:22:25,975 :: INFO :: Reset Control Node
2019-07-07 09:22:29,166 :: INFO :: Control node : start power of open node
2019-07-07 09:22:29,225 :: INFO :: Node OpenOCD: Setup of openocd node
2019-07-07 09:22:32,268 :: INFO :: Node OpenOCD: flash of openocd node
2019-07-07 09:22:32,283 :: INFO :: Flash firmware on OpenOCD: /usr/lib/python2.7/site-packages/gateway_code/static/m3_idle.elf
2019-07-07 09:22:37,659 :: INFO :: Control node : Start experiment
2019-07-07 09:22:37,726 :: INFO :: Control Node set time delay: 1587 us
2019-07-07 09:22:37,742 :: INFO :: Control node : profile configuration
2019-07-07 09:22:37,749 :: INFO :: Configure profile on Control Node
2019-07-07 09:22:37,825 :: INFO :: Start experiment succeeded
2019-07-07 09:52:42,569 :: INFO :: Gateway Manager : Stop experiment
2019-07-07 09:52:42,589 :: INFO :: Stop experiment
2019-07-07 09:52:42,606 :: INFO :: Control node : stop of the experiment
2019-07-07 09:52:42,620 :: INFO :: Control node : profile configuration
2019-07-07 09:52:42,634 :: INFO :: Configure profile on Control Node
2019-07-07 09:52:42,765 :: INFO :: Control node : start power of open node
2019-07-07 09:52:42,809 :: INFO :: Node OpenOCD: teardown of openocd node
2019-07-07 09:52:45,839 :: INFO :: openocd node debugger stop
2019-07-07 09:52:46,499 :: INFO :: Node OpenOCD: flash of openocd node
2019-07-07 09:52:46,513 :: INFO :: Flash firmware on OpenOCD: /usr/lib/python2.7/site-packages/gateway_code/static/m3_idle.elf
2019-07-07 09:52:49,568 :: INFO :: Control node : Stop control node serial interface
2019-07-07 09:52:49,577 :: INFO :: Control node : stop power of open node
2019-07-07 09:52:49,630 :: INFO :: Control node : reset
2019-07-07 09:52:49,638 :: INFO :: Reset Control Node
2019-07-07 09:52:52,678 :: INFO :: Stop experiment succeeded
