2019-07-07 09:22:25,945 :: INFO :: Start experiment: djoudi-174583
2019-07-07 09:22:25,958 :: INFO :: Control node : Starting of control node serial interface
2019-07-07 09:22:25,969 :: INFO :: Control node : reset
2019-07-07 09:22:25,980 :: INFO :: Reset Control Node
2019-07-07 09:22:29,125 :: INFO :: Control node : start power of open node
2019-07-07 09:22:29,184 :: INFO :: Node OpenOCD: Setup of openocd node
2019-07-07 09:22:32,230 :: INFO :: Node OpenOCD: flash of openocd node
2019-07-07 09:22:32,245 :: INFO :: Flash firmware on OpenOCD: /usr/lib/python2.7/site-packages/gateway_code/static/m3_idle.elf
2019-07-07 09:22:37,554 :: INFO :: Control node : Start experiment
2019-07-07 09:22:37,604 :: INFO :: Control Node set time delay: 1831 us
2019-07-07 09:22:37,636 :: INFO :: Control node : profile configuration
2019-07-07 09:22:37,642 :: INFO :: Configure profile on Control Node
2019-07-07 09:22:37,715 :: INFO :: Start experiment succeeded
2019-07-07 09:52:42,561 :: INFO :: Gateway Manager : Stop experiment
2019-07-07 09:52:42,580 :: INFO :: Stop experiment
2019-07-07 09:52:42,597 :: INFO :: Control node : stop of the experiment
2019-07-07 09:52:42,616 :: INFO :: Control node : profile configuration
2019-07-07 09:52:42,629 :: INFO :: Configure profile on Control Node
2019-07-07 09:52:42,756 :: INFO :: Control node : start power of open node
2019-07-07 09:52:42,805 :: INFO :: Node OpenOCD: teardown of openocd node
2019-07-07 09:52:45,836 :: INFO :: openocd node debugger stop
2019-07-07 09:52:46,492 :: INFO :: Node OpenOCD: flash of openocd node
2019-07-07 09:52:46,507 :: INFO :: Flash firmware on OpenOCD: /usr/lib/python2.7/site-packages/gateway_code/static/m3_idle.elf
2019-07-07 09:52:49,442 :: INFO :: Control node : Stop control node serial interface
2019-07-07 09:52:49,447 :: INFO :: Control node : stop power of open node
2019-07-07 09:52:49,479 :: INFO :: Control node : reset
2019-07-07 09:52:49,483 :: INFO :: Reset Control Node
2019-07-07 09:52:52,503 :: INFO :: Stop experiment succeeded
