2019-07-08 10:49:04,901 :: INFO :: Start experiment: djoudi-174639
2019-07-08 10:49:04,906 :: INFO :: Control node : Starting of control node serial interface
2019-07-08 10:49:04,909 :: INFO :: Control node : reset
2019-07-08 10:49:04,912 :: INFO :: Reset Control Node
2019-07-08 10:49:08,027 :: INFO :: Control node : start power of open node
2019-07-08 10:49:08,086 :: INFO :: Node OpenOCD: Setup of openocd node
2019-07-08 10:49:11,127 :: INFO :: Node OpenOCD: flash of openocd node
2019-07-08 10:49:11,142 :: INFO :: Flash firmware on OpenOCD: /tmp/tmpVKe1za--82e872764e21bdc77808978f4d7bd2d4_tutorial_m3.elf
2019-07-08 10:49:18,814 :: INFO :: Control node : Start experiment
2019-07-08 10:49:18,869 :: INFO :: Control Node set time delay: 1586 us
2019-07-08 10:49:18,901 :: INFO :: Control node : profile configuration
2019-07-08 10:49:18,908 :: INFO :: Configure profile on Control Node
2019-07-08 10:49:18,985 :: INFO :: Start experiment succeeded
2019-07-08 10:59:24,000 :: INFO :: Gateway Manager : Stop experiment
2019-07-08 10:59:24,010 :: INFO :: Stop experiment
2019-07-08 10:59:24,019 :: INFO :: Control node : stop of the experiment
2019-07-08 10:59:24,032 :: INFO :: Control node : profile configuration
2019-07-08 10:59:24,040 :: INFO :: Configure profile on Control Node
2019-07-08 10:59:24,125 :: INFO :: Control node : start power of open node
2019-07-08 10:59:24,168 :: INFO :: Node OpenOCD: teardown of openocd node
2019-07-08 10:59:27,209 :: INFO :: openocd node debugger stop
2019-07-08 10:59:27,905 :: INFO :: Node OpenOCD: flash of openocd node
2019-07-08 10:59:27,919 :: INFO :: Flash firmware on OpenOCD: /usr/lib/python2.7/site-packages/gateway_code/static/m3_idle.elf
2019-07-08 10:59:30,942 :: INFO :: Control node : Stop control node serial interface
2019-07-08 10:59:30,960 :: INFO :: Control node : stop power of open node
2019-07-08 10:59:31,209 :: INFO :: Control node : reset
2019-07-08 10:59:31,213 :: INFO :: Reset Control Node
2019-07-08 10:59:34,116 :: INFO :: Stop experiment succeeded
