2019-07-07 16:06:51,790 :: INFO :: Start experiment: djoudi-174602
2019-07-07 16:06:51,803 :: INFO :: Control node : Starting of control node serial interface
2019-07-07 16:06:51,815 :: INFO :: Control node : reset
2019-07-07 16:06:51,826 :: INFO :: Reset Control Node
2019-07-07 16:06:54,984 :: INFO :: Control node : start power of open node
2019-07-07 16:06:55,042 :: INFO :: Node OpenOCD: Setup of openocd node
2019-07-07 16:06:58,089 :: INFO :: Node OpenOCD: flash of openocd node
2019-07-07 16:06:58,104 :: INFO :: Flash firmware on OpenOCD: /usr/lib/python2.7/site-packages/gateway_code/static/m3_idle.elf
2019-07-07 16:07:03,484 :: INFO :: Control node : Start experiment
2019-07-07 16:07:03,535 :: INFO :: Control Node set time delay: 1526 us
2019-07-07 16:07:03,567 :: INFO :: Control node : profile configuration
2019-07-07 16:07:03,574 :: INFO :: Configure profile on Control Node
2019-07-07 16:07:03,648 :: INFO :: Start experiment succeeded
2019-07-07 16:12:27,707 :: INFO :: Gateway Manager : Flash of node
2019-07-07 16:12:27,712 :: INFO :: Flash firmware on open node: /tmp/tmp3OF4Au--firmware8838250334994972697-er-example-server.iotlab-m3
2019-07-07 16:12:27,747 :: INFO :: Node OpenOCD: flash of openocd node
2019-07-07 16:12:27,751 :: INFO :: Flash firmware on OpenOCD: /tmp/tmp3OF4Au--firmware8838250334994972697-er-example-server.iotlab-m3
2019-07-07 16:46:46,745 :: INFO :: Gateway Manager : Stop experiment
2019-07-07 16:46:46,765 :: INFO :: Stop experiment
2019-07-07 16:46:46,782 :: INFO :: Control node : stop of the experiment
2019-07-07 16:46:46,800 :: INFO :: Control node : profile configuration
2019-07-07 16:46:46,814 :: INFO :: Configure profile on Control Node
2019-07-07 16:46:46,942 :: INFO :: Control node : start power of open node
2019-07-07 16:46:47,001 :: INFO :: Node OpenOCD: teardown of openocd node
2019-07-07 16:46:50,031 :: INFO :: openocd node debugger stop
2019-07-07 16:46:50,721 :: INFO :: Node OpenOCD: flash of openocd node
2019-07-07 16:46:50,736 :: INFO :: Flash firmware on OpenOCD: /usr/lib/python2.7/site-packages/gateway_code/static/m3_idle.elf
2019-07-07 16:46:53,756 :: INFO :: Control node : Stop control node serial interface
2019-07-07 16:46:53,765 :: INFO :: Control node : stop power of open node
2019-07-07 16:46:53,820 :: INFO :: Control node : reset
2019-07-07 16:46:53,827 :: INFO :: Reset Control Node
2019-07-07 16:46:56,806 :: INFO :: Stop experiment succeeded
