2019-07-07 16:06:51,808 :: INFO :: Start experiment: djoudi-174602
2019-07-07 16:06:51,822 :: INFO :: Control node : Starting of control node serial interface
2019-07-07 16:06:51,833 :: INFO :: Control node : reset
2019-07-07 16:06:51,844 :: INFO :: Reset Control Node
2019-07-07 16:06:54,926 :: INFO :: Control node : start power of open node
2019-07-07 16:06:54,955 :: INFO :: Node OpenOCD: Setup of openocd node
2019-07-07 16:06:57,995 :: INFO :: Node OpenOCD: flash of openocd node
2019-07-07 16:06:58,010 :: INFO :: Flash firmware on OpenOCD: /usr/lib/python2.7/site-packages/gateway_code/static/m3_idle.elf
2019-07-07 16:07:03,279 :: INFO :: Control node : Start experiment
2019-07-07 16:07:03,335 :: INFO :: Control Node set time delay: 1862 us
2019-07-07 16:07:03,366 :: INFO :: Control node : profile configuration
2019-07-07 16:07:03,373 :: INFO :: Configure profile on Control Node
2019-07-07 16:07:03,449 :: INFO :: Start experiment succeeded
2019-07-07 16:12:27,710 :: INFO :: Gateway Manager : Flash of node
2019-07-07 16:12:27,715 :: INFO :: Flash firmware on open node: /tmp/tmpCqUIrO--firmware8838250334994972697-er-example-server.iotlab-m3
2019-07-07 16:12:27,750 :: INFO :: Node OpenOCD: flash of openocd node
2019-07-07 16:12:27,754 :: INFO :: Flash firmware on OpenOCD: /tmp/tmpCqUIrO--firmware8838250334994972697-er-example-server.iotlab-m3
2019-07-07 16:46:46,750 :: INFO :: Gateway Manager : Stop experiment
2019-07-07 16:46:46,785 :: INFO :: Stop experiment
2019-07-07 16:46:46,802 :: INFO :: Control node : stop of the experiment
2019-07-07 16:46:46,816 :: INFO :: Control node : profile configuration
2019-07-07 16:46:46,829 :: INFO :: Configure profile on Control Node
2019-07-07 16:46:46,967 :: INFO :: Control node : start power of open node
2019-07-07 16:46:47,011 :: INFO :: Node OpenOCD: teardown of openocd node
2019-07-07 16:46:50,037 :: INFO :: openocd node debugger stop
2019-07-07 16:46:50,716 :: INFO :: Node OpenOCD: flash of openocd node
2019-07-07 16:46:50,733 :: INFO :: Flash firmware on OpenOCD: /usr/lib/python2.7/site-packages/gateway_code/static/m3_idle.elf
2019-07-07 16:46:53,803 :: INFO :: Control node : Stop control node serial interface
2019-07-07 16:46:53,811 :: INFO :: Control node : stop power of open node
2019-07-07 16:46:53,867 :: INFO :: Control node : reset
2019-07-07 16:46:53,873 :: INFO :: Reset Control Node
2019-07-07 16:46:56,914 :: INFO :: Stop experiment succeeded
