[backblue.gif]
[fade.gif]
[index.html]
[wiki.seeedstudio.com/assets/images/favicon.png]
[wiki.seeedstudio.com/assets/javascripts/modernizr-1df76c4e58.js]
[wiki.seeedstudio.com/images/favicon.ico]
[wiki.seeedstudio.com/assets/javascripts/application-c35428f87f.js]
[wiki.seeedstudio.com/javascripts/extra.js]
[wiki.seeedstudio.com/search/require.js]
[wiki.seeedstudio.com/search/search.js]
[wiki.seeedstudio.com/index.html]
[wiki.seeedstudio.com/assets/stylesheets/application-769c285a91.css]
[wiki.seeedstudio.com/assets/stylesheets/application-02c2a4388f.palette.css]
[wiki.seeedstudio.com/stylesheets/extra.css]
[wiki.seeedstudio.com/.html]
[wiki.seeedstudio.com/Platform/index.html]
[wiki.seeedstudio.com/Arduino/index.html]
[wiki.seeedstudio.com/4WD_Driver_Platform_V1.0/index.html]
[wiki.seeedstudio.com/4WD_Mecanum_Wheel_Robot_Kit_Series/index.html]
[wiki.seeedstudio.com/Basic_Fastener_Kit/index.html]
[wiki.seeedstudio.com/Galileo_Case/index.html]
[wiki.seeedstudio.com/Grove Maker Kit for Intel Joule/index.html]
[wiki.seeedstudio.com/Grove_Speech_Recognizer_Kit_for_Arduino/index.html]
[wiki.seeedstudio.com/Grove_Starter_kit_for_Arduino_101/index.html]
[wiki.seeedstudio.com/Hercules_Dual_15A_6-20V_Motor_Controller/index.html]
[wiki.seeedstudio.com/Rainbow_Cube_Kit_Acrylic_Harness/index.html]
[wiki.seeedstudio.com/Rainbow_Cube_kit_RGB_4_4_4_Rainbowduino_Compatible/index.html]
[wiki.seeedstudio.com/Rainbowduino/index.html]
[wiki.seeedstudio.com/Rainbowduino_LED_driver_platform-ATmega328/index.html]
[wiki.seeedstudio.com/Rainbowduino_v3.0/index.html]
[wiki.seeedstudio.com/Seeeduino_Cloud/index.html]
[wiki.seeedstudio.com/Seeeduino_Ethernet/index.html]
[wiki.seeedstudio.com/Seeeduino_GPRS/index.html]
[wiki.seeedstudio.com/Seeeduino_Lite/index.html]
[wiki.seeedstudio.com/Seeeduino_LoRAWAN/index.html]
[wiki.seeedstudio.com/Seeeduino_Lotus/index.html]
[wiki.seeedstudio.com/Seeeduino_Lotus_Cortex-M0-/index.html]
[wiki.seeedstudio.com/Seeeduino_Mega/index.html]
[wiki.seeedstudio.com/Seeeduino_Mega_Protoshield_Kit/index.html]
[wiki.seeedstudio.com/Seeeduino_Stalker_V3-Waterproof_Solar_Kit/index.html]
[wiki.seeedstudio.com/Seeeduino_Stalker_V3.1/index.html]
[wiki.seeedstudio.com/Seeeduino_Stalker_v3_enclosure/index.html]
[wiki.seeedstudio.com/Seeeduino_v4.0/index.html]
[wiki.seeedstudio.com/Seeeduino_v4.2/index.html]
[wiki.seeedstudio.com/Shield_Bot_V1.1/index.html]
[wiki.seeedstudio.com/Shield_Bot_V1.2/index.html]
[wiki.seeedstudio.com/Sidekick_Basic_Kit_for_Arduino_V2/index.html]
[wiki.seeedstudio.com/Sidekick_Basic_Kit_for_TI_LaunchPad/index.html]
[wiki.seeedstudio.com/Skeleton_Bot-4WD_hercules_mobile_robotic_platform/index.html]
[wiki.seeedstudio.com/Skeleton_Box/index.html]
[wiki.seeedstudio.com/Skeleton_Box_10x7_10x10_17x10/index.html]
[wiki.seeedstudio.com/Tricycle_Bot/index.html]
[wiki.seeedstudio.com/UartSBee_V4/index.html]
[wiki.seeedstudio.com/UartSBee_v5/index.html]
[wiki.seeedstudio.com/Raspberry_Pi/index.html]
[wiki.seeedstudio.com/Grove_Base_HAT/index.html]
[wiki.seeedstudio.com/GrovePi_Plus/index.html]
[wiki.seeedstudio.com/Raspberry_Pi_Breakout_Board_v1.0/index.html]
[wiki.seeedstudio.com/Raspberry_Pi_Motor_Driver_Board_v1.0/index.html]
[wiki.seeedstudio.com/Pi_RTC-DS1307/index.html]
[wiki.seeedstudio.com/High_Accuracy_Pi_RTC-DS3231/index.html]
[wiki.seeedstudio.com/Raspberry_Pi_R232_Board_v1.0/index.html]
[wiki.seeedstudio.com/Raspberry_Pi_Relay_Board_v1.0/index.html]
[wiki.seeedstudio.com/Grove_Base_Hat_for_Raspberry_Pi/index.html]
[wiki.seeedstudio.com/Grove_Base_Hat_for_Raspberry_Pi_Zero/index.html]
[wiki.seeedstudio.com/Skeleton_Box_for_Raspberry_Pi_Compute_Module_Development_Kit/index.html]
[wiki.seeedstudio.com/Skeleton_box_for_Rasberry_Pi/index.html]
[wiki.seeedstudio.com/8-Channel_12-Bit_ADC_for_Raspberry_Pi-STM32F030/index.html]
[wiki.seeedstudio.com/4-Channel_16-Bit_ADC_for_Raspberry_Pi-ADS1115/index.html]
[wiki.seeedstudio.com/RS-485_Shield_for_Raspberry_Pi/index.html]
[wiki.seeedstudio.com/Grove_Base_Kit_for_Raspberry_Pi/index.html]
[wiki.seeedstudio.com/BeagleBone/index.html]
[wiki.seeedstudio.com/Beaglebone_Solutions/index.html]
[wiki.seeedstudio.com/BeagleBone_Blue/index.html]
[wiki.seeedstudio.com/Beaglebone_Case/index.html]
[wiki.seeedstudio.com/BeagleBone_Green/index.html]
[wiki.seeedstudio.com/BeagleBone_Green_HDMI_Cape/index.html]
[wiki.seeedstudio.com/BeagleBone_Green_Wireless/index.html]
[wiki.seeedstudio.com/Grove_Base_Cape_for_BeagleBone_v2/index.html]
[wiki.seeedstudio.com/Grove_Cape_for_BeagleBone_Series/index.html]
[wiki.seeedstudio.com/Grove_Starter_Kit_for_BeagleBone_Green/index.html]
[wiki.seeedstudio.com/Motor_Bridge_Cape_v1.0/index.html]
[wiki.seeedstudio.com/Skeleton_box_for_Beaglebone/index.html]
[wiki.seeedstudio.com/BeagleBone_Green_Gateway_Baseboard/index.html]
[wiki.seeedstudio.com/ReSpeaker/index.html]
[wiki.seeedstudio.com/ReSpeaker_Solutions/index.html]
[wiki.seeedstudio.com/ReSpeaker_Product_Guide/index.html]
[wiki.seeedstudio.com/ReSpeaker_2_Mics_Pi_HAT/index.html]
[wiki.seeedstudio.com/ReSpeaker_4_Mic_Array_for_Raspberry_Pi/index.html]
[wiki.seeedstudio.com/ReSpeaker_4-Mic_Linear_Array_Kit_for_Raspberry_Pi/index.html]
[wiki.seeedstudio.com/ReSpeaker_6-Mic_Circular_Array_kit_for_Raspberry_Pi/index.html]
[wiki.seeedstudio.com/ReSpeaker_Core/index.html]
[wiki.seeedstudio.com/ReSpeaker_Core_v2.0/index.html]
[wiki.seeedstudio.com/ReSpeaker_Drive_Unit/index.html]
[wiki.seeedstudio.com/ReSpeaker_Mic_Array/index.html]
[wiki.seeedstudio.com/ReSpeaker_Mic_Array_v2.0/index.html]
[wiki.seeedstudio.com/Snips_Voice_Interaction_Satellite_Kit/index.html]
[wiki.seeedstudio.com/Snips_Voice_Interaction_Base_Kit/index.html]
[wiki.seeedstudio.com/Azure_Sphere_MT3620_Development_Kit/index.html]
[wiki.seeedstudio.com/Grove_Starter_Kit_for_Azure_Sphere_MT3620_Development_Kit/index.html]
[wiki.seeedstudio.com/MT3620_Ethernet_Shield_v1.0/index.html]
[wiki.seeedstudio.com/Artik/index.html]
[wiki.seeedstudio.com/Eagleye_530s/index.html]
[wiki.seeedstudio.com/microbit_wiki_page/index.html]
[wiki.seeedstudio.com/Grove_Inventor_Kit_for_microbit/index.html]
[wiki.seeedstudio.com/Shield/index.html]
[wiki.seeedstudio.com/2.8inch_TFT_Touch_Shield_v2.0/index.html]
[wiki.seeedstudio.com/4A_Motor_Shield/index.html]
[wiki.seeedstudio.com/Base_Shield_V2/index.html]
[wiki.seeedstudio.com/Bluetooth_Shield_V2/index.html]
[wiki.seeedstudio.com/CAN-BUS_Shield_V1.2/index.html]
[wiki.seeedstudio.com/CAN-BUS_Shield_V2.0/index.html]
[wiki.seeedstudio.com/Camera_Shield/index.html]
[wiki.seeedstudio.com/EL_Shield/index.html]
[wiki.seeedstudio.com/Energy_Shield/index.html]
[wiki.seeedstudio.com/GPRS_Shield_v1.0/index.html]
[wiki.seeedstudio.com/GPRS_Shield_V3.0/index.html]
[wiki.seeedstudio.com/mbed_Shield/index.html]
[wiki.seeedstudio.com/Motor_Shield_V2.0/index.html]
[wiki.seeedstudio.com/Music_Shield_V2.2/index.html]
[wiki.seeedstudio.com/NFC_Shield_V2.0/index.html]
[wiki.seeedstudio.com/Protoshield_Kit_for_Arduino/index.html]
[wiki.seeedstudio.com/RS232_Shield/index.html]
[wiki.seeedstudio.com/Relay_Shield_v3/index.html]
[wiki.seeedstudio.com/SD_Card_shield_V4.0/index.html]
[wiki.seeedstudio.com/Seeed_BLE_Shield/index.html]
[wiki.seeedstudio.com/Small_e-Paper_Shield_V2/index.html]
[wiki.seeedstudio.com/Solar_Charger_Shield_V2.2/index.html]
[wiki.seeedstudio.com/W5500_Ethernet_Shield_v1.0/index.html]
[wiki.seeedstudio.com/Wifi_Shield_Fi250_V1.1/index.html]
[wiki.seeedstudio.com/Wifi_Shield_V2.0/index.html]
[wiki.seeedstudio.com/XBee_Shield_V2.0/index.html]
[wiki.seeedstudio.com/Wio_Tracker/index.html]
[wiki.seeedstudio.com/Wio_LTE_Cat.1/index.html]
[wiki.seeedstudio.com/wio_gps_board/index.html]
[wiki.seeedstudio.com/LTE_Cat_1_Pi_HAT/index.html]
[wiki.seeedstudio.com/Wio_LTE_Cat_M1_NB-IoT_Tracker/index.html]
[wiki.seeedstudio.com/Wio/index.html]
[wiki.seeedstudio.com/Wio_Link/index.html]
[wiki.seeedstudio.com/Wio_Link_Bootcamp_Kit/index.html]
[wiki.seeedstudio.com/Wio_Link_Deluxe_Kit/index.html]
[wiki.seeedstudio.com/Wio_Link_Deluxe_Plus_Kit/index.html]
[wiki.seeedstudio.com/Wio_Link_Environment_Kit/index.html]
[wiki.seeedstudio.com/Wio_Link_Event_Kit/index.html]
[wiki.seeedstudio.com/Wio_Link_Starter_Kit/index.html]
[wiki.seeedstudio.com/Wio_Node/index.html]
[wiki.seeedstudio.com/Grove_Starter_Kit_for_Wio_LTE/index.html]
[wiki.seeedstudio.com/Air602_WiFi_Development_Board/index.html]
[wiki.seeedstudio.com/Air602_Firmware_Programming_Manual/index.html]
[wiki.seeedstudio.com/Arch_Mix/index.html]
[wiki.seeedstudio.com/LinkIt/index.html]
[wiki.seeedstudio.com/Arduino_Breakout_for_LinkIt_Smart_7688_Duo/index.html]
[wiki.seeedstudio.com/Breakout_for_LinkIt_Smart_7688/index.html]
[wiki.seeedstudio.com/Breakout_for_LinkIt_Smart_7688_v2.0/index.html]
[wiki.seeedstudio.com/Grove-Starter_Kit_for_LinkIt_ONE/index.html]
[wiki.seeedstudio.com/Grove_Breakout_for_LinkIt_Smart_7688_Duo/index.html]
[wiki.seeedstudio.com/Grove_Starter_kit_for_LinkIt_Smart7688_Duo/index.html]
[wiki.seeedstudio.com/LinkIt_ONE/index.html]
[wiki.seeedstudio.com/LinkIt_Smart_7688/index.html]
[wiki.seeedstudio.com/LinkIt_Smart_7688_Duo/index.html]
[wiki.seeedstudio.com/Linkit_Connect_7681/index.html]
[wiki.seeedstudio.com/Sidekick_Basic_Kit_for_LinkIt_ONE/index.html]
[wiki.seeedstudio.com/mbed/index.html]
[wiki.seeedstudio.com/Arch_BLE/index.html]
[wiki.seeedstudio.com/Arch_GPRS_V2/index.html]
[wiki.seeedstudio.com/Arch_Link/index.html]
[wiki.seeedstudio.com/Arch_Max_v1.1/index.html]
[wiki.seeedstudio.com/Arch_Pro/index.html]
[wiki.seeedstudio.com/Arch_V1.1/index.html]
[wiki.seeedstudio.com/Grove-Starter_Kit_for_mbed/index.html]
[wiki.seeedstudio.com/Seeeduino_Arch_V1.0/index.html]
[wiki.seeedstudio.com/Tiny_BLE/index.html]
[wiki.seeedstudio.com/RePhone/index.html]
[wiki.seeedstudio.com/RePhone_Geo_Kit/index.html]
[wiki.seeedstudio.com/RePhone_Lumi_Kit/index.html]
[wiki.seeedstudio.com/RePhone_Strap_Kit_for_Pebble/index.html]
[wiki.seeedstudio.com/RePhone_core_2G-Atmel32u4/index.html]
[wiki.seeedstudio.com/Rephone_core_2G-AtmelSAMD21/index.html]
[wiki.seeedstudio.com/Retro Phone Kit/index.html]
[wiki.seeedstudio.com/Xadow_3_Aixs_Accelerometer/index.html]
[wiki.seeedstudio.com/Xadow_3_Aixs_Digital_Accelerometer_plusandminus_400g/index.html]
[wiki.seeedstudio.com/Xadow_BLE_Dual_Model_V1.0/index.html]
[wiki.seeedstudio.com/Xadow_BLE_Slave/index.html]
[wiki.seeedstudio.com/Xadow_Breakout/index.html]
[wiki.seeedstudio.com/Xadow_Buzzer/index.html]
[wiki.seeedstudio.com/Xadow_Compass/index.html]
[wiki.seeedstudio.com/Xadow_Edison_Kit/index.html]
[wiki.seeedstudio.com/Xadow_GPS/index.html]
[wiki.seeedstudio.com/Xadow_Gesture_v1.0/index.html]
[wiki.seeedstudio.com/Xadow_Grove_Adaptor/index.html]
[wiki.seeedstudio.com/Xadow_IMU_10DOF/index.html]
[wiki.seeedstudio.com/Xadow_IMU_6DOF/index.html]
[wiki.seeedstudio.com/Xadow_IMU_9DOF/index.html]
[wiki.seeedstudio.com/Xadow_LED_5x7/index.html]
[wiki.seeedstudio.com/Xadow_LED_5_multiply_7_v1.0/index.html]
[wiki.seeedstudio.com/Xadow_M0/index.html]
[wiki.seeedstudio.com/Xadow_Main_Board/index.html]
[wiki.seeedstudio.com/Xadow_Motor_Driver/index.html]
[wiki.seeedstudio.com/Xadow_Multichannel_Gas_Sensor/index.html]
[wiki.seeedstudio.com/Xado_OLED_128multiply64/index.html]
[wiki.seeedstudio.com/Xadow_RGB_OLED_96multiply64/index.html]
[wiki.seeedstudio.com/Xadow_RTC/index.html]
[wiki.seeedstudio.com/Xadow_Storage/index.html]
[wiki.seeedstudio.com/Xadow_UV_Sensor/index.html]
[wiki.seeedstudio.com/Xadow_Vibrator_Motor/index.html]
[wiki.seeedstudio.com/Xadow_1.54_inch_Touchscreen/index.html]
[wiki.seeedstudio.com/Xadow_Audio/index.html]
[wiki.seeedstudio.com/Xadow_BLE/index.html]
[wiki.seeedstudio.com/Xadow_Barometer/index.html]
[wiki.seeedstudio.com/Xadow_Barometer_BMP180/index.html]
[wiki.seeedstudio.com/Xadow_Basic_Sensors/index.html]
[wiki.seeedstudio.com/Xadow_Duino/index.html]
[wiki.seeedstudio.com/Xadow_GPS_V2/index.html]
[wiki.seeedstudio.com/Xadow_GSM_Breakout/index.html]
[wiki.seeedstudio.com/Xadow_GSMPlusBLE/index.html]
[wiki.seeedstudio.com/Xadow_Metal_Frame/index.html]
[wiki.seeedstudio.com/Xadow_NFC/index.html]
[wiki.seeedstudio.com/Xadow_NFC_v2/index.html]
[wiki.seeedstudio.com/Xadow_NFC_tag/index.html]
[wiki.seeedstudio.com/Xadow_Pebble_Time_Adapter/index.html]
[wiki.seeedstudio.com/Xadow_Q_Touch_Sensor/index.html]
[wiki.seeedstudio.com/Xadow_Tutorial_Acceleration_Detector/index.html]
[wiki.seeedstudio.com/Xadow_Tutorial_Communicate_via_BLE/index.html]
[wiki.seeedstudio.com/Xadow_Wearable_Kit_For_Edison/index.html]
[wiki.seeedstudio.com/Xadow_Tutorial_Shaking_Shaking/index.html]
[wiki.seeedstudio.com/Wireless/index.html]
[wiki.seeedstudio.com/BLE_dual_Bee_v1.0/index.html]
[wiki.seeedstudio.com/BLE_Carbon/index.html]
[wiki.seeedstudio.com/BLE_Micro/index.html]
[wiki.seeedstudio.com/BLE_Nitrogen/index.html]
[wiki.seeedstudio.com/Bluetooth_Bee_v2.0/index.html]
[wiki.seeedstudio.com/Bluetooth_Bee_Standalone/index.html]
[wiki.seeedstudio.com/ESP32_Breakout_Kit/index.html]
[wiki.seeedstudio.com/Grove-Mega_Shield/index.html]
[wiki.seeedstudio.com/LoRa_LoRaWan_Gateway_Kit/index.html]
[wiki.seeedstudio.com/Mesh_Bee/index.html]
[wiki.seeedstudio.com/Qi_Wireless_Charger_Transmitter/index.html]
[wiki.seeedstudio.com/RFbee_V1.1-Wireless_Arduino_compatible_node/index.html]
[wiki.seeedstudio.com/Wifi_Bee_v2.0/index.html]
[wiki.seeedstudio.com/Essentials/index.html]
[wiki.seeedstudio.com/Adjustable_DC_DC_Power_Converter_1V-12V-1.5A/index.html]
[wiki.seeedstudio.com/Battery_Detector_with_Polymer_Lithium_Ion_1050mAh_3.7V/index.html]
[wiki.seeedstudio.com/Battery_Detector_with_Polymer_Lithium_Ion_5100mAh_3.8V/index.html]
[wiki.seeedstudio.com/Lipo_Rider_Pro/index.html]
[wiki.seeedstudio.com/Lipo_Rider_V1.3/index.html]
[wiki.seeedstudio.com/USB_To_Uart_5V/index.html]
[wiki.seeedstudio.com/USB_To_Uart_5V_3V3/index.html]
[wiki.seeedstudio.com/Unibody_box_for_Galileo_Gen2/index.html]
[wiki.seeedstudio.com/Grove/index.html]
[wiki.seeedstudio.com/Grove_System/index.html]
[wiki.seeedstudio.com/Grove-New_Products/index.html]
[wiki.seeedstudio.com/Sensor/index.html]
[wiki.seeedstudio.com/Sensor_gas/index.html]
[wiki.seeedstudio.com/Sensor_barometer/index.html]
[wiki.seeedstudio.com/Sensor_accelerometer/index.html]
[wiki.seeedstudio.com/Sensor_temperature/index.html]
[wiki.seeedstudio.com/Sensor_light/index.html]
[wiki.seeedstudio.com/Sensor_health/index.html]
[wiki.seeedstudio.com/Sensor_sound/index.html]
[wiki.seeedstudio.com/Sensor_distance/index.html]
[wiki.seeedstudio.com/Sensor_Others/index.html]
[wiki.seeedstudio.com/Grove-2_Channel_Inductive_Sensor-LDC1612/index.html]
[wiki.seeedstudio.com/Grove-2.5A-DC-Current-Sensor-ACS70331/index.html]
[wiki.seeedstudio.com/Grove-5A_DC_AC_Current_Sensor-ACS70331/index.html]
[wiki.seeedstudio.com/Grove-10A_DC_Current_Sensor-ACS725/index.html]
[wiki.seeedstudio.com/Grove-3-Axis_Digital_Accelerometer-16g/index.html]
[wiki.seeedstudio.com/Grove-3-Axis_Analog_Accelerometer/index.html]
[wiki.seeedstudio.com/Grove-3-Axis_Compass_V1.0/index.html]
[wiki.seeedstudio.com/Grove-3-Axis_Digitial_Compass_v2.0/index.html]
[wiki.seeedstudio.com/Grove-3-Axis_Digital_Accelerometer-1.5g/index.html]
[wiki.seeedstudio.com/Grove-3-Axis_Digital_Accelerometer-400g/index.html]
[wiki.seeedstudio.com/Grove-3-Axis_Digital_Gyro/index.html]
[wiki.seeedstudio.com/Grove-6-Axis_AccelerometerAndCompass_V2.0/index.html]
[wiki.seeedstudio.com/Grove-6-Axis_AccelerometerAndGyroscope/index.html]
[wiki.seeedstudio.com/Grove-Adjustable_PIR_Motion_Sensor/index.html]
[wiki.seeedstudio.com/Grove-80cm_Infrared_Proximity_Sensor/index.html]
[wiki.seeedstudio.com/Grove-Air_Quality_Sensor_v1.3/index.html]
[wiki.seeedstudio.com/Grove-Alcohol_Sensor/index.html]
[wiki.seeedstudio.com/Grove-Barometer-High-Accuracy/index.html]
[wiki.seeedstudio.com/Grove-Barometer_Sensor/index.html]
[wiki.seeedstudio.com/Grove-Barometer_Sensor-BMP180/index.html]
[wiki.seeedstudio.com/Grove-Barometer_Sensor-BMP280/index.html]
[wiki.seeedstudio.com/Grove-Barometer_Sensor-BME280/index.html]
[wiki.seeedstudio.com/Grove-Temperature_Humidity_Pressure_Gas_Sensor_BME680/index.html]
[wiki.seeedstudio.com/Grove-Button/index.html]
[wiki.seeedstudio.com/Grove-LED_Button/index.html]
[wiki.seeedstudio.com/Grove-CO2_Sensor/index.html]
[wiki.seeedstudio.com/Grove-CO2_Temperature_Humidity_Sensor-SCD30/index.html]
[wiki.seeedstudio.com/Grove-Chest_Strap_Heart_Rate_Sensor/index.html]
[wiki.seeedstudio.com/Grove-Collision_Sensor/index.html]
[wiki.seeedstudio.com/Grove-Capacitive_Moisture_Sensor-Corrosion-Resistant/index.html]
[wiki.seeedstudio.com/Grove-Differential_Amplifier_v1.0/index.html]
[wiki.seeedstudio.com/Grove-Digital_Infrared_Temperature_Sensor/index.html]
[wiki.seeedstudio.com/Grove-Digital_Light_Sensor/index.html]
[wiki.seeedstudio.com/Grove-Dust_Sensor/index.html]
[wiki.seeedstudio.com/Grove-EMG_Detector/index.html]
[wiki.seeedstudio.com/Grove-Ear-clip_Heart_Rate_Sensor/index.html]
[wiki.seeedstudio.com/Grove-Electricity_Sensor/index.html]
[wiki.seeedstudio.com/Grove-Electromagnet/index.html]
[wiki.seeedstudio.com/Grove-FM_Receiver/index.html]
[wiki.seeedstudio.com/Grove-Finger-clip_Heart_Rate_Sensor/index.html]
[wiki.seeedstudio.com/Grove-Finger-clip_Heart_Rate_Sensor_with_shell/index.html]
[wiki.seeedstudio.com/Grove-Fingerprint_Sensor/index.html]
[wiki.seeedstudio.com/Grove-Flame_Sensor/index.html]
[wiki.seeedstudio.com/Grove-GSR_Sensor/index.html]
[wiki.seeedstudio.com/Grove-Gas_Sensor/index.html]
[wiki.seeedstudio.com/Grove-Gas_Sensor-MQ2/index.html]
[wiki.seeedstudio.com/Grove-Gas_Sensor-MQ3/index.html]
[wiki.seeedstudio.com/Grove-Gas_Sensor-MQ5/index.html]
[wiki.seeedstudio.com/Grove-Gas_Sensor-MQ9/index.html]
[wiki.seeedstudio.com/Grove-Gas_Sensor-O2/index.html]
[wiki.seeedstudio.com/Grove-Gesture_v1.0/index.html]
[wiki.seeedstudio.com/Grove-HCHO_Sensor/index.html]
[wiki.seeedstudio.com/Grove-Hall_Sensor/index.html]
[wiki.seeedstudio.com/Grove-Heelight_Sensor/index.html]
[wiki.seeedstudio.com/Grove-High_Temperature_Sensor/index.html]
[wiki.seeedstudio.com/Grove-Human_Presence_Sensor-AK9753/index.html]
[wiki.seeedstudio.com/Grove-I2C_Color_Sensor/index.html]
[wiki.seeedstudio.com/Grove-I2C_Touch_Sensor/index.html]
[wiki.seeedstudio.com/Grove-12_Key_Capacitive_I2C_Touch_Sensor_V2-MPR121/index.html]
[wiki.seeedstudio.com/Grove-Capacitive_Touch_Slide_Sensor-CY8C4014LQI/index.html]
[wiki.seeedstudio.com/Grove-IMU_10DOF/index.html]
[wiki.seeedstudio.com/Grove-IMU_10DOF_v2.0/index.html]
[wiki.seeedstudio.com/Grove-IMU_9DOF_v2.0/index.html]
[wiki.seeedstudio.com/Grove-IMU_9DOF-lcm20600+AK09918/index.html]
[wiki.seeedstudio.com/Grove-IR_Distance_Interrupter_v1.2/index.html]
[wiki.seeedstudio.com/Grove-Infrared_Receiver/index.html]
[wiki.seeedstudio.com/Grove-Infrared_Reflective_Sensor/index.html]
[wiki.seeedstudio.com/Grove-Infrared_Temperature_Sensor/index.html]
[wiki.seeedstudio.com/Grove-Infrared_Temperature_Sensor_Array-AMG8833/index.html]
[wiki.seeedstudio.com/Grove-Light_Sensor/index.html]
[wiki.seeedstudio.com/Grove-Line_Finder/index.html]
[wiki.seeedstudio.com/Grove-Loudness_Sensor/index.html]
[wiki.seeedstudio.com/Grove-Luminance_Sensor/index.html]
[wiki.seeedstudio.com/Grove-Laser_PM2.5_Sensor-HM3301/index.html]
[wiki.seeedstudio.com/Grove-Magnetic_Switch/index.html]
[wiki.seeedstudio.com/Grove-Mini_Track_Ball/index.html]
[wiki.seeedstudio.com/Grove-Moisture_Sensor/index.html]
[wiki.seeedstudio.com/Grove-Mouse_Encoder/index.html]
[wiki.seeedstudio.com/Grove-Multichannel_Gas_Sensor/index.html]
[wiki.seeedstudio.com/Grove-PH_Sensor/index.html]
[wiki.seeedstudio.com/Grove-PIR_Motion_Sensor/index.html]
[wiki.seeedstudio.com/Grove-Piezo_Vibration_Sensor/index.html]
[wiki.seeedstudio.com/Grove-Q_Touch_Sensor/index.html]
[wiki.seeedstudio.com/Grove-RTC/index.html]
[wiki.seeedstudio.com/Grove-Rotary_Angle_Sensor/index.html]
[wiki.seeedstudio.com/Grove-RS232/index.html]
[wiki.seeedstudio.com/Grove-RS485/index.html]
[wiki.seeedstudio.com/Grove-Serial_Camera_Kit/index.html]
[wiki.seeedstudio.com/Grove-Slide_Potentiometer/index.html]
[wiki.seeedstudio.com/Grove-Sound_Recorder/index.html]
[wiki.seeedstudio.com/Grove-Sound_Sensor/index.html]
[wiki.seeedstudio.com/Grove-Speech_Recognizer/index.html]
[wiki.seeedstudio.com/Grove-Sunlight_Sensor/index.html]
[wiki.seeedstudio.com/Grove-Switch-P/index.html]
[wiki.seeedstudio.com/Grove-Mech_Keycap/index.html]
[wiki.seeedstudio.com/Grove-5-Way_Switch/index.html]
[wiki.seeedstudio.com/Grove-6-Position_DIP_Switch/index.html]
[wiki.seeedstudio.com/Grove-TempAndHumi_Sensor-SHT31/index.html]
[wiki.seeedstudio.com/Grove-I2C_High_Accuracy_Temp&Humi_Sensor-SHT35/index.html]
[wiki.seeedstudio.com/Grove-Temperature_Sensor/index.html]
[wiki.seeedstudio.com/Grove-Temperature_Sensor_V1.2/index.html]
[wiki.seeedstudio.com/Grove-Temperature_and_Humidity_Sensor_Pro/index.html]
[wiki.seeedstudio.com/Grove-TemperatureAndHumidity_Sensor/index.html]
[wiki.seeedstudio.com/Grove-TemperatureAndHumidity_Sensor-HDC1000/index.html]
[wiki.seeedstudio.com/Grove-TemptureAndHumidity_Sensor-High-Accuracy_AndMini-v1.0/index.html]
[wiki.seeedstudio.com/Grove-I2C_High_Accuracy_Temperature_Sensor-MCP9808/index.html]
[wiki.seeedstudio.com/Grove-Thumb_Joystick/index.html]
[wiki.seeedstudio.com/Grove-Tilt_Switch/index.html]
[wiki.seeedstudio.com/Grove-Touch_Sensor/index.html]
[wiki.seeedstudio.com/Grove-Encoder/index.html]
[wiki.seeedstudio.com/Grove-UV_Sensor/index.html]
[wiki.seeedstudio.com/Grove-Ultrasonic_Ranger/index.html]
[wiki.seeedstudio.com/Grove-Voltage_Divider/index.html]
[wiki.seeedstudio.com/Grove-Vibration_Sensor_SW-420/index.html]
[wiki.seeedstudio.com/Grove-Water_Sensor/index.html]
[wiki.seeedstudio.com/Grove-XBee_Carrier/index.html]
[wiki.seeedstudio.com/Grove-TF_Mini_LiDAR/index.html]
[wiki.seeedstudio.com/Grove-VOC_and_eCO2_Gas_Sensor-SGP30/index.html]
[wiki.seeedstudio.com/Grove-Time_of_Flight_Distance_Sensor-VL53L0X/index.html]
[wiki.seeedstudio.com/Grove-Digital_Distance_Interrupter_0.5_to_5cm-GP2Y0D805Z0F/index.html]
[wiki.seeedstudio.com/Grove-Digital_Distance_Interrupter_0.5_to_5cm-GP2Y0D805Z0F_P/index.html]
[wiki.seeedstudio.com/Grove-Round_Force_Sensor_FSR402/index.html]
[wiki.seeedstudio.com/Grove-Optical_Rotary_Encoder-TCUT1600X01/index.html]
[wiki.seeedstudio.com/Grove-1-Wire_Thermocouple_Amplifier-MAX31850K/index.html]
[wiki.seeedstudio.com/Grove-I2C_Thermocouple_Amplifier-MCP9600/index.html]
[wiki.seeedstudio.com/Grove-Step_Counter-BMA456/index.html]
[wiki.seeedstudio.com/Grove-3-Axis_Digital_AccelerometerÂ±16g_Ultra-low_Power-BMA400/index.html]
[wiki.seeedstudio.com/Grove-6-Axis_Accelerometer&Gyroscope(BMI088)/index.html]
[wiki.seeedstudio.com/Grove-16x2_LCD_Series/index.html]
[wiki.seeedstudio.com/Grove-I2C_UV_Sensor-VEML6070/index.html]
[wiki.seeedstudio.com/Grove-Coulomb_Counter_3.3V_to_5V-LTC2941/index.html]
[wiki.seeedstudio.com/Grove-Light-Gesture-Color-Proximity_Sensor-TMG39931/index.html]
[wiki.seeedstudio.com/Actuator/index.html]
[wiki.seeedstudio.com/Atom_Node/index.html]
[wiki.seeedstudio.com/Grove-2-Coil_Latching_Relay/index.html]
[wiki.seeedstudio.com/Grove-Buzzer/index.html]
[wiki.seeedstudio.com/Grove-Chainable_RGB_LED/index.html]
[wiki.seeedstudio.com/Grove-Dry-Reed_Relay/index.html]
[wiki.seeedstudio.com/Grove-EL_Driver/index.html]
[wiki.seeedstudio.com/Grove-Haptic_Motor/index.html]
[wiki.seeedstudio.com/Grove-I2C_Motor_Driver/index.html]
[wiki.seeedstudio.com/Grove-I2C_Motor_Driver_V1.2/index.html]
[wiki.seeedstudio.com/Grove-I2C_Motor_Driver_V1.3/index.html]
[wiki.seeedstudio.com/Grove-Infrared_Emitter/index.html]
[wiki.seeedstudio.com/Grove-LED_Matrix_Driver_v1.0/index.html]
[wiki.seeedstudio.com/Grove-MP3_v2.0/index.html]
[wiki.seeedstudio.com/Grove-Mini_Fan/index.html]
[wiki.seeedstudio.com/Grove-Mini_I2C_Motor_Driver_v1.0/index.html]
[wiki.seeedstudio.com/Grove_Recorder/index.html]
[wiki.seeedstudio.com/Grove-Recorder_v3.0/index.html]
[wiki.seeedstudio.com/Grove-Relay/index.html]
[wiki.seeedstudio.com/Grove-4-Channel_SPDT_Relay/index.html]
[wiki.seeedstudio.com/Grove-2-Channel_SPDT_Relay/index.html]
[wiki.seeedstudio.com/Grove-Solid_State_Relay/index.html]
[wiki.seeedstudio.com/Grove-Solid_State_Relay_V2/index.html]
[wiki.seeedstudio.com/Grove-2-Channel_Solid_State_Relay/index.html]
[wiki.seeedstudio.com/Grove-4-Channel_Solid_State_Relay/index.html]
[wiki.seeedstudio.com/Grove-8-Channel_Solid_State_Relay/index.html]
[wiki.seeedstudio.com/Grove-Optocoupler_Relay-M281/index.html]
[wiki.seeedstudio.com/Grove-Serial_MP3_Player/index.html]
[wiki.seeedstudio.com/Grove-Servo/index.html]
[wiki.seeedstudio.com/Grove-Speaker/index.html]
[wiki.seeedstudio.com/Grove-Variable_Color_LED/index.html]
[wiki.seeedstudio.com/Grove-Vibration_Motor/index.html]
[wiki.seeedstudio.com/Grove-Water_Atomization/index.html]
[wiki.seeedstudio.com/Grove-16-Channel_PWM_Driver-PCA9685/index.html]
[wiki.seeedstudio.com/Grove-I2C_Motor_Driver-TB6612FNG/index.html]
[wiki.seeedstudio.com/Display/index.html]
[wiki.seeedstudio.com/Grove-4-Digit_Display/index.html]
[wiki.seeedstudio.com/Grove-Circular_LED/index.html]
[wiki.seeedstudio.com/Grove-LCD_RGB_Backlight/index.html]
[wiki.seeedstudio.com/Grove-LED_Bar/index.html]
[wiki.seeedstudio.com/Grove-RGB_LED_Stick-10-WS2813_Mini/index.html]
[wiki.seeedstudio.com/Grove-LED_ring/index.html]
[wiki.seeedstudio.com/Grove-LED_Socket_Kit/index.html]
[wiki.seeedstudio.com/Grove-LED_String_Light/index.html]
[wiki.seeedstudio.com/Grove-LED_Strip_Driver/index.html]
[wiki.seeedstudio.com/Grove-OLED_Display_0.96inch/index.html]
[wiki.seeedstudio.com/Grove-OLED_Display_1.12inch/index.html]
[wiki.seeedstudio.com/Grove-Red_LED/index.html]
[wiki.seeedstudio.com/I2C_LCD/index.html]
[wiki.seeedstudio.com/Grove-Red_LED_Matrix_w_Driver/index.html]
[wiki.seeedstudio.com/Grove-LED_Matrix_Driver-HT16K33/index.html]
[wiki.seeedstudio.com/Grove-RGB_LED_Matrix_w-Driver/index.html]
[wiki.seeedstudio.com/Grove-Triple_Color_E-Ink_Display_2_13/index.html]
[wiki.seeedstudio.com/Grove-Triple_Color_E-Ink_Display_1_54/index.html]
[wiki.seeedstudio.com/Communication/index.html]
[wiki.seeedstudio.com/Grove-125KHz_RFID_Reader/index.html]
[wiki.seeedstudio.com/Grove-315MHz_RF_Kit/index.html]
[wiki.seeedstudio.com/Grove-433MHz_Simple_RF_Link_Kit/index.html]
[wiki.seeedstudio.com/Grove-BLE-dual_model-v1.0/index.html]
[wiki.seeedstudio.com/Grove-Bee_Socket/index.html]
[wiki.seeedstudio.com/Grove-DMX512/index.html]
[wiki.seeedstudio.com/Grove-GPS/index.html]
[wiki.seeedstudio.com/Grove_High_Precision_RTC/index.html]
[wiki.seeedstudio.com/Grove-I2C_ADC/index.html]
[wiki.seeedstudio.com/Grove-I2C_FM_Receiver/index.html]
[wiki.seeedstudio.com/Grove-I2C_FM_Receiver_v1.1/index.html]
[wiki.seeedstudio.com/Grove_LoRa_Radio/index.html]
[wiki.seeedstudio.com/Grove_NFC/index.html]
[wiki.seeedstudio.com/Grove_NFC_Tag/index.html]
[wiki.seeedstudio.com/Grove-Protoshield/index.html]
[wiki.seeedstudio.com/Grove-RJ45_Adapter/index.html]
[wiki.seeedstudio.com/Grove-Screw_Terminal/index.html]
[wiki.seeedstudio.com/Grove-Serial_Bluetooth_v3.0/index.html]
[wiki.seeedstudio.com/Grove-Serial_RF_Pro/index.html]
[wiki.seeedstudio.com/Grove-UART_Wifi/index.html]
[wiki.seeedstudio.com/Grove-UART_Wifi_V2/index.html]
[wiki.seeedstudio.com/Grove-BLE_v1/index.html]
[wiki.seeedstudio.com/Others/index.html]
[wiki.seeedstudio.com/Grove-AND/index.html]
[wiki.seeedstudio.com/Grove-DC_Jack_Power/index.html]
[wiki.seeedstudio.com/Grove-Differential_Amplifier_v1.2/index.html]
[wiki.seeedstudio.com/Grove-I2C_Hub/index.html]
[wiki.seeedstudio.com/Grove-Joint_v2.0/index.html]
[wiki.seeedstudio.com/Grove-MOSFET/index.html]
[wiki.seeedstudio.com/Grove-Mini_Camera/index.html]
[wiki.seeedstudio.com/Grove-Mixer_Pack_V2/index.html]
[wiki.seeedstudio.com/Grove-NOT/index.html]
[wiki.seeedstudio.com/Grove-Node/index.html]
[wiki.seeedstudio.com/Grove-NunChuck/index.html]
[wiki.seeedstudio.com/Grove-OR/index.html]
[wiki.seeedstudio.com/Grove-PS_2_Adapter/index.html]
[wiki.seeedstudio.com/Grove-Recorder_v2.0/index.html]
[wiki.seeedstudio.com/Grove-SPDT_Relay_30A/index.html]
[wiki.seeedstudio.com/Grove-Serial_Camera/index.html]
[wiki.seeedstudio.com/Grove_Starter_Kit_Plus/index.html]
[wiki.seeedstudio.com/Grove_Starter_Kit_v3/index.html]
[wiki.seeedstudio.com/Grove-Toy_Kit/index.html]
[wiki.seeedstudio.com/Grove-Wrapper/index.html]
[wiki.seeedstudio.com/Grove_Base_BoosterPack/index.html]
[wiki.seeedstudio.com/Grove_Base_Shield_for_NodeMCU_V1.0/index.html]
[wiki.seeedstudio.com/Grove_Base_Shield_for_Photon/index.html]
[wiki.seeedstudio.com/Grove_Indoor_Environment_Kit_for_Edison/index.html]
[wiki.seeedstudio.com/Grove_Shield_for_Intel_Joule/index.html]
[wiki.seeedstudio.com/Grove_Smart_Plant_Care_Kit/index.html]
[wiki.seeedstudio.com/Grove_Beginner_Kit_for_Arduino/index.html]
[wiki.seeedstudio.com/IoT/index.html]
[wiki.seeedstudio.com/Seeeduino_Cloud_and_Grove_IoT_Starter_Kit_Powered_by_AWS/index.html]
[wiki.seeedstudio.com/IoT_Fast_Prototyping_Kit S5D9/index.html]
[wiki.seeedstudio.com/Grove_Starter_Kit_for_IoT_based_on_Raspberry_Pi/index.html]
[wiki.seeedstudio.com/Grove_IoT_Starter_Kits_Powered_by_AWS/index.html]
[wiki.seeedstudio.com/Grove_IoT_Developer_Kit-Microsoft_Azure_Edition/index.html]
[wiki.seeedstudio.com/Beagle_Bone_Green_and_Grove_IoT_Starter_Kit_Powered_by_AWS/index.html]
[wiki.seeedstudio.com/MakerPro/index.html]
[wiki.seeedstudio.com/0.5w_Solar_Panel_55x70/index.html]
[wiki.seeedstudio.com/1.5W_Solar_Panel_81x137/index.html]
[wiki.seeedstudio.com/125Khz_RFID_module-UART/index.html]
[wiki.seeedstudio.com/13.56Mhz_RFID_module-IOS-IEC_14443_type_a/index.html]
[wiki.seeedstudio.com/1w_Solar_Panel_80x100/index.html]
[wiki.seeedstudio.com/2.5W_Solar_Panel_116x160/index.html]
[wiki.seeedstudio.com/2KM_Long_Range_RF_link_kits_w_encoder_and_decoder/index.html]
[wiki.seeedstudio.com/3.6V_Micro_hydro_generator/index.html]
[wiki.seeedstudio.com/315MHz_Simple_RF_Link_Kit/index.html]
[wiki.seeedstudio.com/315Mhz_RF_link_kit/index.html]
[wiki.seeedstudio.com/315Mhz_Wireless_car_key_fob_with_key_chain/index.html]
[wiki.seeedstudio.com/315Mhz_remote_relay_switch_kits-2_channels/index.html]
[wiki.seeedstudio.com/3W_Solar_Panel_138x160/index.html]
[wiki.seeedstudio.com/433Mhz_RF_Link_Kit/index.html]
[wiki.seeedstudio.com/AVR_USB_Programmer/index.html]
[wiki.seeedstudio.com/Bicycle_Dynamo_With_Bracket-6V_3W/index.html]
[wiki.seeedstudio.com/Bluetooth_Multimeter/index.html]
[wiki.seeedstudio.com/Bluetooth_V4.0_HM_11_BLE_Module/index.html]
[wiki.seeedstudio.com/Bracket_for_Infrared_Proximity_Sensor/index.html]
[wiki.seeedstudio.com/Bugduino/index.html]
[wiki.seeedstudio.com/Bus_Pirate_v3_assembled/index.html]
[wiki.seeedstudio.com/CUI32Stem/index.html]
[wiki.seeedstudio.com/Capacitance_Meter_Kit/index.html]
[wiki.seeedstudio.com/Codec-Adaptive_Wireless_Relay/index.html]
[wiki.seeedstudio.com/DC_framework_miniature_solenoid_VL-0063/index.html]
[wiki.seeedstudio.com/DC_framework_solenoid_HCNE1-0520/index.html]
[wiki.seeedstudio.com/DC_framework_solenoid_HCNE1-0630/index.html]
[wiki.seeedstudio.com/DSO_Nano/index.html]
[wiki.seeedstudio.com/DSO_Nano_v3/index.html]
[wiki.seeedstudio.com/DSO_Nano-Development/index.html]
[wiki.seeedstudio.com/DSO_Nano-OpenOCD_gdb/index.html]
[wiki.seeedstudio.com/DSO_Nano-Qemu_gdb/index.html]
[wiki.seeedstudio.com/DSO_Nano-gcc/index.html]
[wiki.seeedstudio.com/DSO_Quad/index.html]
[wiki.seeedstudio.com/DSO_Quad_Manual_by_the_community/index.html]
[wiki.seeedstudio.com/DSO_Quad-Beta_HW/index.html]
[wiki.seeedstudio.com/DSO_Quad-Building_Firmware/index.html]
[wiki.seeedstudio.com/DSO_Quad-Calibration/index.html]
[wiki.seeedstudio.com/Danger_Shield_Complete_Kits/index.html]
[wiki.seeedstudio.com/FSM-55/index.html]
[wiki.seeedstudio.com/FST-01/index.html]
[wiki.seeedstudio.com/Fubarino_SD/index.html]
[wiki.seeedstudio.com/G1_Water_Flow_Sensor/index.html]
[wiki.seeedstudio.com/G1_and_2_inch_Water_Flow_Sensor/index.html]
[wiki.seeedstudio.com/G1-1-4_Water_Flow_sensor/index.html]
[wiki.seeedstudio.com/G1-8_Water_Flow_Sensor/index.html]
[wiki.seeedstudio.com/G3-4_Water_Flow_sensor/index.html]
[wiki.seeedstudio.com/GPS_Bee_kit/index.html]
[wiki.seeedstudio.com/Grove-Base_Shield_for_IOIO-OTG/index.html]
[wiki.seeedstudio.com/LCD_16-2_Characters-Green_Yellow_back_light/index.html]
[wiki.seeedstudio.com/LCD_8-2_Characters-Blue_back_light/index.html]
[wiki.seeedstudio.com/LoNet_808-Mini_GSM_GPRS_Plus_GPS_Breakout/index.html]
[wiki.seeedstudio.com/M11_1.25_Water_flow_Sensor/index.html]
[wiki.seeedstudio.com/Matrix_Clock/index.html]
[wiki.seeedstudio.com/Mini_Soldering_Iron/index.html]
[wiki.seeedstudio.com/PIR_Motion_Sensor_Large_Lens_version/index.html]
[wiki.seeedstudio.com/Photo_Reflective_Sensor/index.html]
[wiki.seeedstudio.com/Photo_interrupter_OS25B10/index.html]
[wiki.seeedstudio.com/Piezo_Sensor-MiniSense_100/index.html]
[wiki.seeedstudio.com/RF_Explorer_Software/index.html]
[wiki.seeedstudio.com/RGBW_Stripe_WireLess_Shield_V1.0/index.html]
[wiki.seeedstudio.com/Raspberry_PI_Bplus_Case/index.html]
[wiki.seeedstudio.com/Raspberry_Pi_3_Model_B/index.html]
[wiki.seeedstudio.com/Renbotics_ServoShield_Rev/index.html]
[wiki.seeedstudio.com/SDLogger-Open_Hardware_Data_Logger/index.html]
[wiki.seeedstudio.com/Scream_out_loud-110dBA_fixed_tone_Siren/index.html]
[wiki.seeedstudio.com/Shield-MaTrix-V0.9b/index.html]
[wiki.seeedstudio.com/Starter_bundle_harness_V1/index.html]
[wiki.seeedstudio.com/Ultra_Sonic_range_measurement_module/index.html]
[wiki.seeedstudio.com/Weight_Sensor_Load_Cell_0-500g/index.html]
[wiki.seeedstudio.com/WiFi_Serial_Transceiver_Module/index.html]
[wiki.seeedstudio.com/WireLess_Gate_Shield_V1.0/index.html]
[wiki.seeedstudio.com/Wireless_Sensor_Node-Solar_Kit/index.html]
[wiki.seeedstudio.com/Gear_Stepper_Motor_Driver_Pack/index.html]
[wiki.seeedstudio.com/RS-232_To_TTL_Conveter-MAX3232IDR/index.html]
[wiki.seeedstudio.com/Tutorial/index.html]
[wiki.seeedstudio.com/A_Comparison_of_Different_Grove_Temperature_Sensors/index.html]
[wiki.seeedstudio.com/A_Handy_Serial_Library/index.html]
[wiki.seeedstudio.com/Atmel_AVRISP_STK500_USB_ISP_Programmer/index.html]
[wiki.seeedstudio.com/AT_Command_Tester/index.html]
[wiki.seeedstudio.com/AT_Command_Tester_Application/index.html]
[wiki.seeedstudio.com/Arduino_Common_Error/index.html]
[wiki.seeedstudio.com/Arduino_IDE_for_RePhone_Kit/index.html]
[wiki.seeedstudio.com/Arduino_Software_I2C_user_guide/index.html]
[wiki.seeedstudio.com/Dfu-util/index.html]
[wiki.seeedstudio.com/Driver_for_Seeeduino/index.html]
[wiki.seeedstudio.com/Eclipse_IDE_for_RePhone_Kit/index.html]
[wiki.seeedstudio.com/FM_Receiver/index.html]
[wiki.seeedstudio.com/Getting_Started_with_Arduino/index.html]
[wiki.seeedstudio.com/Getting_Started_with_Seeeduino/index.html]
[wiki.seeedstudio.com/Guide_for_Codecraft_using_Arduino/index.html]
[wiki.seeedstudio.com/Codecraft_Grove_Compatible_List/index.html]
[wiki.seeedstudio.com/Guide_to_use_demos_downloaded_from_Seeed-s_Github/index.html]
[wiki.seeedstudio.com/Google_Assistant/index.html]
[wiki.seeedstudio.com/How_To_Choose_The_Right_Cable/index.html]
[wiki.seeedstudio.com/How_To_Use_Sketchbook/index.html]
[wiki.seeedstudio.com/Seeed_Arduino_Boards/index.html]
[wiki.seeedstudio.com/How_to_Chose_A_Gas_Sensor/index.html]
[wiki.seeedstudio.com/How_to_detect_finger_touch/index.html]
[wiki.seeedstudio.com/How_To_Edit_A_Document/index.html]
[wiki.seeedstudio.com/How_to_install_Arduino_Library/index.html]
[wiki.seeedstudio.com/How_to_use_and_write_a_library/index.html]
[wiki.seeedstudio.com/I2C_And_I2C_Address_of_Seeed_Product/index.html]
[wiki.seeedstudio.com/Introduction_to_Artificial_Intelligence_for_Makers/index.html]
[wiki.seeedstudio.com/IR_Remote/index.html]
[wiki.seeedstudio.com/JavaScript_for_RePhone/index.html]
[wiki.seeedstudio.com/Joystick_Control_RGB_Led/index.html]
[wiki.seeedstudio.com/Light_Sensor_and_LED_Bar/index.html]
[wiki.seeedstudio.com/LightView_201k_Digital_display_module/index.html]
[wiki.seeedstudio.com/LinkIt_ONE_Tutorial-Analog_Interface/index.html]
[wiki.seeedstudio.com/LinkIt_ONE_Tutorial-Colorful_World/index.html]
[wiki.seeedstudio.com/LinkIt_ONE_Tutorial-Get_temperature_with_Webpage/index.html]
[wiki.seeedstudio.com/LinkIt_ONE_Tutorial-Hello_World/index.html]
[wiki.seeedstudio.com/LinkIt_ONE_Tutorial-Light-Sensor/index.html]
[wiki.seeedstudio.com/LinkIt_ONE_Tutorial-Marquee/index.html]
[wiki.seeedstudio.com/LinkIt-ONE-Tutorial---Mini-Servo/index.html]
[wiki.seeedstudio.com/LinkIt_ONE_Tutorial-Push_Button/index.html]
[wiki.seeedstudio.com/LinkIt_ONE_Tutorial-SMS_control_the_LED/index.html]
[wiki.seeedstudio.com/LinkIt_ONE_Tutorial-The_Basics/index.html]
[wiki.seeedstudio.com/Lua_for_RePhone/index.html]
[wiki.seeedstudio.com/Project_Eight-Thermostat/index.html]
[wiki.seeedstudio.com/Project_Five-Relay_Control/index.html]
[wiki.seeedstudio.com/Project_Four-Noise_Maker/index.html]
[wiki.seeedstudio.com/Project_One-Blink/index.html]
[wiki.seeedstudio.com/Project_One-Double_Blink/index.html]
[wiki.seeedstudio.com/Project_Seven-Temperature/index.html]
[wiki.seeedstudio.com/Project_Six-LCD_Demonstration/index.html]
[wiki.seeedstudio.com/Project_Three-Analog_Input_v1b/index.html]
[wiki.seeedstudio.com/Project_Two-Digital_Input_v1.0b/index.html]
[wiki.seeedstudio.com/Project_Two-Digital_Input/index.html]
[wiki.seeedstudio.com/RFID_Control_LED/index.html]
[wiki.seeedstudio.com/RePhone_APIs-Audio/index.html]
[wiki.seeedstudio.com/Relay_Control_LED/index.html]
[wiki.seeedstudio.com/Replacement_LCD_Screen_for_DSO_nano/index.html]
[wiki.seeedstudio.com/Secret_Box/index.html]
[wiki.seeedstudio.com/Seeeduino_Buying_Guide/index.html]
[wiki.seeedstudio.com/Seeed_Relay_Page/index.html]
[wiki.seeedstudio.com/Seeed_Gas_Sensor_Selection_Guide/index.html]
[wiki.seeedstudio.com/Service_for_Fusion_PCB/index.html]
[wiki.seeedstudio.com/Sketchbook_of_Sidekick_Advanced_Kit/index.html]
[wiki.seeedstudio.com/Sound_Sensor_And_LED_Bar/index.html]
[wiki.seeedstudio.com/Suli/index.html]
[wiki.seeedstudio.com/temperature_sensor/index.html]
[wiki.seeedstudio.com/Things_We_Make/index.html]
[wiki.seeedstudio.com/Upload_Code/index.html]
[wiki.seeedstudio.com/Use_External_Editor/index.html]
[wiki.seeedstudio.com/Voice_Interaction/index.html]
[wiki.seeedstudio.com/ReSpeaker_Core_V2_&_Wio_Link/index.html]
[wiki.seeedstudio.com/Xadow_IO_pin_mapping/index.html]
[wiki.seeedstudio.com/Zigbee_Networking_with_XBee_Series_2_and_Seeeds_Products/index.html]
[wiki.seeedstudio.com/Discontinued/index.html]
[wiki.seeedstudio.com/2.8inch-TFT_Touch_Shield_V1.0/index.html]
[wiki.seeedstudio.com/5V-3.3V_Breadboard_Power_Supply_v1.1/index.html]
[wiki.seeedstudio.com/5V-3.3V_Breadboard_Power_Supply/index.html]
[wiki.seeedstudio.com/Arch_GPRS/index.html]
[wiki.seeedstudio.com/Arch_Max/index.html]
[wiki.seeedstudio.com/BLE_Bee/index.html]
[wiki.seeedstudio.com/Battery_kit_3.7V_520_mAh/index.html]
[wiki.seeedstudio.com/Bees_Shield/index.html]
[wiki.seeedstudio.com/Bluetooth_Bee/index.html]
[wiki.seeedstudio.com/Bluetooth_Shield/index.html]
[wiki.seeedstudio.com/Edison_4WD_Auto_Robotic_Platform_2.0/index.html]
[wiki.seeedstudio.com/Edison_4WD_Auto_Robotic_Platform/index.html]
[wiki.seeedstudio.com/Energy_Monitor_Shield_V0.9b/index.html]
[wiki.seeedstudio.com/Ethernet_Shield_V1.0/index.html]
[wiki.seeedstudio.com/Ethernet_Shield_V2.0/index.html]
[wiki.seeedstudio.com/Ethernet_Shield/index.html]
[wiki.seeedstudio.com/GPRS_Shield_V2.0/index.html]
[wiki.seeedstudio.com/GPRS-Shield/index.html]
[wiki.seeedstudio.com/Grove-BlinkM/index.html]
[wiki.seeedstudio.com/Grove-Serial_Bluetooth/index.html]
[wiki.seeedstudio.com/Grove-Serial_LCD_V1.0/index.html]
[wiki.seeedstudio.com/Grove-Single_Axis_Analog_Gyro/index.html]
[wiki.seeedstudio.com/Heart-Sound_Sensor/index.html]
[wiki.seeedstudio.com/Intel_Edison_and_Grove_IoT_Starter_Kit_Powered_by_AWS/index.html]
[wiki.seeedstudio.com/LinkIT_One_and_Grove_IoT_Starter_Kit_Powered_by_AWS/index.html]
[wiki.seeedstudio.com/Lipo_Rider/index.html]
[wiki.seeedstudio.com/Lipo_Rider_V1.1/index.html]
[wiki.seeedstudio.com/Logic_DC_Jack/index.html]
[wiki.seeedstudio.com/Mini_GSM_GPRS_GPS_Breakout_SIM808/index.html]
[wiki.seeedstudio.com/Motor_Shield_V1.0/index.html]
[wiki.seeedstudio.com/Motor_Shield/index.html]
[wiki.seeedstudio.com/Music_Shield/index.html]
[wiki.seeedstudio.com/Music_Shield_V1.0/index.html]
[wiki.seeedstudio.com/NFC_Shield_V1.0/index.html]
[wiki.seeedstudio.com/NFC_Shield/index.html]
[wiki.seeedstudio.com/Nose_LED_Kit/index.html]
[wiki.seeedstudio.com/Rainbowduino_Extension_Board_v0.9b/index.html]
[wiki.seeedstudio.com/Relay_Shield/index.html]
[wiki.seeedstudio.com/Relay_Shield_V1/index.html]
[wiki.seeedstudio.com/Relay_Shield_V2/index.html]
[wiki.seeedstudio.com/SD_Card_Shield/index.html]
[wiki.seeedstudio.com/SD_Card_Shield_V3.0/index.html]
[wiki.seeedstudio.com/Seeeduino_ADK_Main_Board/index.html]
[wiki.seeedstudio.com/Seeeduino_Arch/index.html]
[wiki.seeedstudio.com/Seeeduino_Stalker_v1.0/index.html]
[wiki.seeedstudio.com/Seeeduino_Stalker_v2.3/index.html]
[wiki.seeedstudio.com/Seeeduino_Stalker/index.html]
[wiki.seeedstudio.com/Seeeduino-Stalker_v3/index.html]
[wiki.seeedstudio.com/Seeeduino_V2.2_Atmega-168P/index.html]
[wiki.seeedstudio.com/Seeeduino_V2.2/index.html]
[wiki.seeedstudio.com/Seeeduino_v2.21/index.html]
[wiki.seeedstudio.com/Seeeduino_v3.0/index.html]
[wiki.seeedstudio.com/Seeeduino/index.html]
[wiki.seeedstudio.com/Serial_port_bluetooth_module_Master-Slave/index.html]
[wiki.seeedstudio.com/Sidekick_Advanced_Kit/index.html]
[wiki.seeedstudio.com/Small_e-Paper_Shield/index.html]
[wiki.seeedstudio.com/Solar_Charger_Shield/index.html]
[wiki.seeedstudio.com/Starter_Shield_EN/index.html]
[wiki.seeedstudio.com/Stepper_Motor_Driver/index.html]
[wiki.seeedstudio.com/Stepper_Motor_Driver_v2.3/index.html]
[wiki.seeedstudio.com/TFT_Touch_Shield_V1.0/index.html]
[wiki.seeedstudio.com/Techbox_Tricks/index.html]
[wiki.seeedstudio.com/USB_To_Uart_3V3/index.html]
[wiki.seeedstudio.com/UartSB_Frame/index.html]
[wiki.seeedstudio.com/UartSBee_V3.1/index.html]
[wiki.seeedstudio.com/Wifi_Shield/index.html]
[wiki.seeedstudio.com/Wifi_Bee/index.html]
[wiki.seeedstudio.com/Wifi_Shield_V1.0/index.html]
[wiki.seeedstudio.com/Wifi_Shield_V1.1/index.html]
[wiki.seeedstudio.com/Wifi_Shield_V1.2/index.html]
[wiki.seeedstudio.com/XBee_Shield/index.html]
[wiki.seeedstudio.com/license/index.html]
[wiki.seeedstudio.com/Grove-I2C_High_Accuracy_Temp&Humi_Sensor-SHT35/index-2.html]
[wiki.seeedstudio.com/Grove-3-Axis_Digital_Accelerometer±16g_Ultra-low_Power-BMA400/index.html]
[wiki.seeedstudio.com/Grove-6-Axis_Accelerometer&Gyroscope(BMI088)/index-2.html]
[wiki.seeedstudio.com/ReSpeaker_Core_V2_&_Wio_Link/index-2.html]
[wiki.seeedstudio.com/techsupport@seeed.html]
[wiki.seeedstudio.com/![](https_/raw.githubusercontent.com/SeeedDocument/Grove_Beginner_Kit_for_RaspberryPi/master/img/LEDbutton.html]
[wiki.seeedstudio.com/iot@seeed.html]
[wiki.seeedstudio.com/img/Grove_Cape_for_BeagleBone_Series.html]
[wiki.seeedstudio.com/images/0/0b/SIM900_SPEC.html]
[wiki.seeedstudio.com/images/a/a0/SIM900_ATC_V1_00.html]
[wiki.seeedstudio.com/images/a/a8/SIM900_AT_Command_Manual_V1.03.html]
[wiki.seeedstudio.com/images/e/e3/SIM900_HD_V1.05.html]
[wiki.seeedstudio.com/images/8/87/SIM900_firmware_and_tool.html]
[wiki.seeedstudio.com/res/Xadow_Pebble_Time_Adapter.html]
[wiki.seeedstudio.com/res/Edison_Pedometer_3D_models.html]
[wiki.seeedstudio.com/res/USB_To_Uart_5V_Eagle.html]
[wiki.seeedstudio.com/res/USB_To_Uart_5V_v1.0_SCH.html]
[wiki.seeedstudio.com/res/CH340DS1_EN.html]
[wiki.seeedstudio.com/https_/raw.githubusercontent.com/SeeedDocument/wiki_english/master/docs/images/favicon.html]
[wiki.seeedstudio.com/Grove_Beginner_Kit_for_Arduino_1/index.html]
[wiki.seeedstudio.com/Arch_Mix_CN/index.html]
[wiki.seeedstudio.com/community.seeedstudio.com/index.html]
[wiki.seeedstudio.com/common/Get_One_Now_Banner.html]
[wiki.seeedstudio.com/img/Bicycle-spec.html]
[wiki.seeedstudio.com/res/Spec.html]
[wiki.seeedstudio.com/res/BUGduinoSchematicPDF.html]
[wiki.seeedstudio.com/res/GainCalibrationCircuit.html]
[wiki.seeedstudio.com/images/4/4e/YEE70G30HSLNC..html]
[wiki.seeedstudio.com/images/c/c3/MatrixClock-Schematic-MC201V1-Rev1.html]
[wiki.seeedstudio.com/res/Mini_Soldering_Iron_manual.html]
[wiki.seeedstudio.com/res/SM09b_scheme.html]
[wiki.seeedstudio.com/res/MediaTek_LinkIt_Assist_2502_Developers_Guide_v1_1.html]
[wiki.seeedstudio.com/res/MediaTek_LinkIt_Assist_2502_cn_v1_1.html]
[wiki.seeedstudio.com/gas_sensor_selection/index.html]
[wiki.seeedstudio.com/res/Schematic_for_Radio_Shack_.html]
[wiki.seeedstudio.com/images/f/f6/Bluetooth_Bee_Schematic_Board.html]
[wiki.seeedstudio.com/res/Bluetooth_demo_code.html]
[wiki.seeedstudio.com/res/Grove-Serial_Bluetooth_eagle_file.html]
[wiki.seeedstudio.com/res/Bluetooth_Software_Instruction.html]
[wiki.seeedstudio.com/res/Bluetooth_module.html]
[wiki.seeedstudio.com/images/5/5e/L298datasheet.html]
[wiki.seeedstudio.com/res/Music_Shield_Demo_2_Library.html]
[wiki.seeedstudio.com/img/Score_1.html]
[wiki.seeedstudio.com/images/8/81/NFC_Shield_V0.9b_Schematic_Board_Files.html]
[wiki.seeedstudio.com/images/4/48/NFC_Shield_V0.9b.html]
[wiki.seeedstudio.com/images/0/09/Eagle_file_of_SD_Card_Shield_v3.0.html]
[wiki.seeedstudio.com/images/1/19/MicroBridge-ModifiedForSeeeduinoADK.html]
[wiki.seeedstudio.com/images/1/1b/SeeeduinoADKDemo-App.html]
[wiki.seeedstudio.com/images/6/67/Seeeduino_ADK_0.9b_final_Scehmatic.html]
[wiki.seeedstudio.com/images/1/1a/Seeeduino_ADK_0.9b_final_Eagle_files.html]
[wiki.seeedstudio.com/UartSBee.html]
[wiki.seeedstudio.com/res/GT20L16P1Y_Datasheet.html]
[wiki.seeedstudio.com/res/Character_code_table.html]
[wiki.seeedstudio.com/images/1/17/2.8_TFT_Touch_Shield_v0.9b_EagleFiles.html]
[wiki.seeedstudio.com/images/7/75/FGD280E3715V1_8bit.html]
[wiki.seeedstudio.com/images/4/4e/ST7781R_datasheet.html]
[wiki.seeedstudio.com/images/d/d3/UartSBs_Frame_Schematic_Board.html]
[wiki.seeedstudio.com/images/9/91/UartSBs_0.9b_Schematic.html]
[wiki.seeedstudio.com/images/9/9f/WifiBee_v0.91b.html]
[wiki.seeedstudio.com/images/f/ff/Wifi_Bee_v0.91b_eagle.html]
