2019-07-07 08:25:51,109 :: INFO :: Start experiment: djoudi-174582
2019-07-07 08:25:51,115 :: INFO :: Control node : Starting of control node serial interface
2019-07-07 08:25:51,121 :: INFO :: Control node : reset
2019-07-07 08:25:51,127 :: INFO :: Reset Control Node
2019-07-07 08:25:54,322 :: INFO :: Control node : start power of open node
2019-07-07 08:25:54,379 :: INFO :: Node OpenOCD: Setup of openocd node
2019-07-07 08:25:57,421 :: INFO :: Node OpenOCD: flash of openocd node
2019-07-07 08:25:57,436 :: INFO :: Flash firmware on OpenOCD: /usr/lib/python2.7/site-packages/gateway_code/static/m3_idle.elf
2019-07-07 08:26:02,779 :: INFO :: Control node : Start experiment
2019-07-07 08:26:02,814 :: INFO :: Control Node set time delay: 1159 us
2019-07-07 08:26:02,831 :: INFO :: Control node : profile configuration
2019-07-07 08:26:02,834 :: INFO :: Configure profile on Control Node
2019-07-07 08:26:02,874 :: INFO :: Start experiment succeeded
2019-07-07 08:56:07,731 :: INFO :: Gateway Manager : Stop experiment
2019-07-07 08:56:07,741 :: INFO :: Stop experiment
2019-07-07 08:56:07,749 :: INFO :: Control node : stop of the experiment
2019-07-07 08:56:07,755 :: INFO :: Control node : profile configuration
2019-07-07 08:56:07,762 :: INFO :: Configure profile on Control Node
2019-07-07 08:56:07,828 :: INFO :: Control node : start power of open node
2019-07-07 08:56:07,868 :: INFO :: Node OpenOCD: teardown of openocd node
2019-07-07 08:56:10,900 :: INFO :: openocd node debugger stop
2019-07-07 08:56:11,582 :: INFO :: Node OpenOCD: flash of openocd node
2019-07-07 08:56:11,596 :: INFO :: Flash firmware on OpenOCD: /usr/lib/python2.7/site-packages/gateway_code/static/m3_idle.elf
2019-07-07 08:56:14,618 :: INFO :: Control node : Stop control node serial interface
2019-07-07 08:56:14,626 :: INFO :: Control node : stop power of open node
2019-07-07 08:56:14,678 :: INFO :: Control node : reset
2019-07-07 08:56:14,685 :: INFO :: Reset Control Node
2019-07-07 08:56:17,666 :: INFO :: Stop experiment succeeded
