2019-07-07 10:34:03,832 :: INFO :: Start experiment: djoudi-174585
2019-07-07 10:34:03,845 :: INFO :: Control node : Starting of control node serial interface
2019-07-07 10:34:03,856 :: INFO :: Control node : reset
2019-07-07 10:34:03,867 :: INFO :: Reset Control Node
2019-07-07 10:34:07,063 :: INFO :: Control node : start power of open node
2019-07-07 10:34:07,120 :: INFO :: Node OpenOCD: Setup of openocd node
2019-07-07 10:34:10,168 :: INFO :: Node OpenOCD: flash of openocd node
2019-07-07 10:34:10,183 :: INFO :: Flash firmware on OpenOCD: /usr/lib/python2.7/site-packages/gateway_code/static/m3_idle.elf
2019-07-07 10:34:15,442 :: INFO :: Control node : Start experiment
2019-07-07 10:34:15,505 :: INFO :: Control Node set time delay: 1495 us
2019-07-07 10:34:15,530 :: INFO :: Control node : profile configuration
2019-07-07 10:34:15,537 :: INFO :: Configure profile on Control Node
2019-07-07 10:34:15,611 :: INFO :: Start experiment succeeded
2019-07-07 11:04:20,483 :: INFO :: Gateway Manager : Stop experiment
2019-07-07 11:04:20,505 :: INFO :: Stop experiment
2019-07-07 11:04:20,520 :: INFO :: Control node : stop of the experiment
2019-07-07 11:04:20,534 :: INFO :: Control node : profile configuration
2019-07-07 11:04:20,552 :: INFO :: Configure profile on Control Node
2019-07-07 11:04:20,679 :: INFO :: Control node : start power of open node
2019-07-07 11:04:20,741 :: INFO :: Node OpenOCD: teardown of openocd node
2019-07-07 11:04:23,769 :: INFO :: openocd node debugger stop
2019-07-07 11:04:24,455 :: INFO :: Node OpenOCD: flash of openocd node
2019-07-07 11:04:24,469 :: INFO :: Flash firmware on OpenOCD: /usr/lib/python2.7/site-packages/gateway_code/static/m3_idle.elf
2019-07-07 11:04:27,466 :: INFO :: Control node : Stop control node serial interface
2019-07-07 11:04:27,474 :: INFO :: Control node : stop power of open node
2019-07-07 11:04:27,530 :: INFO :: Control node : reset
2019-07-07 11:04:27,538 :: INFO :: Reset Control Node
2019-07-07 11:04:30,577 :: INFO :: Stop experiment succeeded
