2019-07-07 10:34:03,790 :: INFO :: Start experiment: djoudi-174585
2019-07-07 10:34:03,797 :: INFO :: Control node : Starting of control node serial interface
2019-07-07 10:34:03,802 :: INFO :: Control node : reset
2019-07-07 10:34:03,808 :: INFO :: Reset Control Node
2019-07-07 10:34:07,107 :: INFO :: Control node : start power of open node
2019-07-07 10:34:07,166 :: INFO :: Node OpenOCD: Setup of openocd node
2019-07-07 10:34:10,208 :: INFO :: Node OpenOCD: flash of openocd node
2019-07-07 10:34:10,223 :: INFO :: Flash firmware on OpenOCD: /usr/lib/python2.7/site-packages/gateway_code/static/m3_idle.elf
2019-07-07 10:34:15,534 :: INFO :: Control node : Start experiment
2019-07-07 10:34:15,596 :: INFO :: Control Node set time delay: 1007 us
2019-07-07 10:34:15,621 :: INFO :: Control node : profile configuration
2019-07-07 10:34:15,628 :: INFO :: Configure profile on Control Node
2019-07-07 10:34:15,682 :: INFO :: Start experiment succeeded
2019-07-07 11:04:20,481 :: INFO :: Gateway Manager : Stop experiment
2019-07-07 11:04:20,523 :: INFO :: Stop experiment
2019-07-07 11:04:20,539 :: INFO :: Control node : stop of the experiment
2019-07-07 11:04:20,553 :: INFO :: Control node : profile configuration
2019-07-07 11:04:20,566 :: INFO :: Configure profile on Control Node
2019-07-07 11:04:20,700 :: INFO :: Control node : start power of open node
2019-07-07 11:04:20,734 :: INFO :: Node OpenOCD: teardown of openocd node
2019-07-07 11:04:23,763 :: INFO :: openocd node debugger stop
2019-07-07 11:04:24,452 :: INFO :: Node OpenOCD: flash of openocd node
2019-07-07 11:04:24,466 :: INFO :: Flash firmware on OpenOCD: /usr/lib/python2.7/site-packages/gateway_code/static/m3_idle.elf
2019-07-07 11:04:27,536 :: INFO :: Control node : Stop control node serial interface
2019-07-07 11:04:27,545 :: INFO :: Control node : stop power of open node
2019-07-07 11:04:27,599 :: INFO :: Control node : reset
2019-07-07 11:04:27,606 :: INFO :: Reset Control Node
2019-07-07 11:04:30,590 :: INFO :: Stop experiment succeeded
