2019-07-07 10:34:03,817 :: INFO :: Start experiment: djoudi-174585
2019-07-07 10:34:03,823 :: INFO :: Control node : Starting of control node serial interface
2019-07-07 10:34:03,829 :: INFO :: Control node : reset
2019-07-07 10:34:03,835 :: INFO :: Reset Control Node
2019-07-07 10:34:07,024 :: INFO :: Control node : start power of open node
2019-07-07 10:34:07,082 :: INFO :: Node OpenOCD: Setup of openocd node
2019-07-07 10:34:10,123 :: INFO :: Node OpenOCD: flash of openocd node
2019-07-07 10:34:10,138 :: INFO :: Flash firmware on OpenOCD: /usr/lib/python2.7/site-packages/gateway_code/static/m3_idle.elf
2019-07-07 10:34:15,449 :: INFO :: Control node : Start experiment
2019-07-07 10:34:15,502 :: INFO :: Control Node set time delay: 2014 us
2019-07-07 10:34:15,534 :: INFO :: Control node : profile configuration
2019-07-07 10:34:15,540 :: INFO :: Configure profile on Control Node
2019-07-07 10:34:15,614 :: INFO :: Start experiment succeeded
2019-07-07 11:04:20,475 :: INFO :: Gateway Manager : Stop experiment
2019-07-07 11:04:20,495 :: INFO :: Stop experiment
2019-07-07 11:04:20,512 :: INFO :: Control node : stop of the experiment
2019-07-07 11:04:20,530 :: INFO :: Control node : profile configuration
2019-07-07 11:04:20,544 :: INFO :: Configure profile on Control Node
2019-07-07 11:04:20,673 :: INFO :: Control node : start power of open node
2019-07-07 11:04:20,739 :: INFO :: Node OpenOCD: teardown of openocd node
2019-07-07 11:04:23,767 :: INFO :: openocd node debugger stop
2019-07-07 11:04:24,439 :: INFO :: Node OpenOCD: flash of openocd node
2019-07-07 11:04:24,446 :: INFO :: Flash firmware on OpenOCD: /usr/lib/python2.7/site-packages/gateway_code/static/m3_idle.elf
2019-07-07 11:04:27,408 :: INFO :: Control node : Stop control node serial interface
2019-07-07 11:04:27,416 :: INFO :: Control node : stop power of open node
2019-07-07 11:04:27,473 :: INFO :: Control node : reset
2019-07-07 11:04:27,479 :: INFO :: Reset Control Node
2019-07-07 11:04:30,514 :: INFO :: Stop experiment succeeded
