2019-07-07 10:34:03,811 :: INFO :: Start experiment: djoudi-174585
2019-07-07 10:34:03,817 :: INFO :: Control node : Starting of control node serial interface
2019-07-07 10:34:03,823 :: INFO :: Control node : reset
2019-07-07 10:34:03,829 :: INFO :: Reset Control Node
2019-07-07 10:34:07,017 :: INFO :: Control node : start power of open node
2019-07-07 10:34:07,075 :: INFO :: Node OpenOCD: Setup of openocd node
2019-07-07 10:34:10,116 :: INFO :: Node OpenOCD: flash of openocd node
2019-07-07 10:34:10,131 :: INFO :: Flash firmware on OpenOCD: /usr/lib/python2.7/site-packages/gateway_code/static/m3_idle.elf
2019-07-07 10:34:15,377 :: INFO :: Control node : Start experiment
2019-07-07 10:34:15,453 :: INFO :: Control Node set time delay: 1221 us
2019-07-07 10:34:15,491 :: INFO :: Control node : profile configuration
2019-07-07 10:34:15,498 :: INFO :: Configure profile on Control Node
2019-07-07 10:34:15,573 :: INFO :: Start experiment succeeded
2019-07-07 11:04:20,482 :: INFO :: Gateway Manager : Stop experiment
2019-07-07 11:04:20,503 :: INFO :: Stop experiment
2019-07-07 11:04:20,519 :: INFO :: Control node : stop of the experiment
2019-07-07 11:04:20,532 :: INFO :: Control node : profile configuration
2019-07-07 11:04:20,551 :: INFO :: Configure profile on Control Node
2019-07-07 11:04:20,676 :: INFO :: Control node : start power of open node
2019-07-07 11:04:20,735 :: INFO :: Node OpenOCD: teardown of openocd node
2019-07-07 11:04:23,773 :: INFO :: openocd node debugger stop
2019-07-07 11:04:24,449 :: INFO :: Node OpenOCD: flash of openocd node
2019-07-07 11:04:24,457 :: INFO :: Flash firmware on OpenOCD: /usr/lib/python2.7/site-packages/gateway_code/static/m3_idle.elf
2019-07-07 11:04:27,476 :: INFO :: Control node : Stop control node serial interface
2019-07-07 11:04:27,493 :: INFO :: Control node : stop power of open node
2019-07-07 11:04:27,597 :: INFO :: Control node : reset
2019-07-07 11:04:27,612 :: INFO :: Reset Control Node
2019-07-07 11:04:30,639 :: INFO :: Stop experiment succeeded
