2019-07-07 16:06:51,785 :: INFO :: Start experiment: djoudi-174602
2019-07-07 16:06:51,797 :: INFO :: Control node : Starting of control node serial interface
2019-07-07 16:06:51,808 :: INFO :: Control node : reset
2019-07-07 16:06:51,821 :: INFO :: Reset Control Node
2019-07-07 16:06:54,958 :: INFO :: Control node : start power of open node
2019-07-07 16:06:55,018 :: INFO :: Node OpenOCD: Setup of openocd node
2019-07-07 16:06:58,060 :: INFO :: Node OpenOCD: flash of openocd node
2019-07-07 16:06:58,075 :: INFO :: Flash firmware on OpenOCD: /usr/lib/python2.7/site-packages/gateway_code/static/m3_idle.elf
2019-07-07 16:07:03,479 :: INFO :: Control node : Start experiment
2019-07-07 16:07:03,534 :: INFO :: Control Node set time delay: 1679 us
2019-07-07 16:07:03,555 :: INFO :: Control node : profile configuration
2019-07-07 16:07:03,558 :: INFO :: Configure profile on Control Node
2019-07-07 16:07:03,597 :: INFO :: Start experiment succeeded
2019-07-07 16:12:27,728 :: INFO :: Gateway Manager : Flash of node
2019-07-07 16:12:27,733 :: INFO :: Flash firmware on open node: /tmp/tmpH8_hOL--firmware8838250334994972697-er-example-server.iotlab-m3
2019-07-07 16:12:27,769 :: INFO :: Node OpenOCD: flash of openocd node
2019-07-07 16:12:27,773 :: INFO :: Flash firmware on OpenOCD: /tmp/tmpH8_hOL--firmware8838250334994972697-er-example-server.iotlab-m3
2019-07-07 16:46:46,749 :: INFO :: Gateway Manager : Stop experiment
2019-07-07 16:46:46,770 :: INFO :: Stop experiment
2019-07-07 16:46:46,787 :: INFO :: Control node : stop of the experiment
2019-07-07 16:46:46,800 :: INFO :: Control node : profile configuration
2019-07-07 16:46:46,819 :: INFO :: Configure profile on Control Node
2019-07-07 16:46:46,951 :: INFO :: Control node : start power of open node
2019-07-07 16:46:47,009 :: INFO :: Node OpenOCD: teardown of openocd node
2019-07-07 16:46:50,035 :: INFO :: openocd node debugger stop
2019-07-07 16:46:50,712 :: INFO :: Node OpenOCD: flash of openocd node
2019-07-07 16:46:50,720 :: INFO :: Flash firmware on OpenOCD: /usr/lib/python2.7/site-packages/gateway_code/static/m3_idle.elf
2019-07-07 16:46:53,683 :: INFO :: Control node : Stop control node serial interface
2019-07-07 16:46:53,692 :: INFO :: Control node : stop power of open node
2019-07-07 16:46:53,746 :: INFO :: Control node : reset
2019-07-07 16:46:53,752 :: INFO :: Reset Control Node
2019-07-07 16:46:56,783 :: INFO :: Stop experiment succeeded
