2019-07-07 16:06:51,782 :: INFO :: Start experiment: djoudi-174602
2019-07-07 16:06:51,794 :: INFO :: Control node : Starting of control node serial interface
2019-07-07 16:06:51,805 :: INFO :: Control node : reset
2019-07-07 16:06:51,817 :: INFO :: Reset Control Node
2019-07-07 16:06:54,921 :: INFO :: Control node : start power of open node
2019-07-07 16:06:54,951 :: INFO :: Node OpenOCD: Setup of openocd node
2019-07-07 16:06:57,991 :: INFO :: Node OpenOCD: flash of openocd node
2019-07-07 16:06:58,006 :: INFO :: Flash firmware on OpenOCD: /usr/lib/python2.7/site-packages/gateway_code/static/m3_idle.elf
2019-07-07 16:07:03,411 :: INFO :: Control node : Start experiment
2019-07-07 16:07:03,508 :: INFO :: Control Node set time delay: 1220 us
2019-07-07 16:07:03,524 :: INFO :: Control node : profile configuration
2019-07-07 16:07:03,527 :: INFO :: Configure profile on Control Node
2019-07-07 16:07:03,565 :: INFO :: Start experiment succeeded
2019-07-07 16:12:27,706 :: INFO :: Gateway Manager : Flash of node
2019-07-07 16:12:27,711 :: INFO :: Flash firmware on open node: /tmp/tmplx5cB_--firmware8838250334994972697-er-example-server.iotlab-m3
2019-07-07 16:12:27,746 :: INFO :: Node OpenOCD: flash of openocd node
2019-07-07 16:12:27,750 :: INFO :: Flash firmware on OpenOCD: /tmp/tmplx5cB_--firmware8838250334994972697-er-example-server.iotlab-m3
2019-07-07 16:46:46,748 :: INFO :: Gateway Manager : Stop experiment
2019-07-07 16:46:46,769 :: INFO :: Stop experiment
2019-07-07 16:46:46,786 :: INFO :: Control node : stop of the experiment
2019-07-07 16:46:46,800 :: INFO :: Control node : profile configuration
2019-07-07 16:46:46,819 :: INFO :: Configure profile on Control Node
2019-07-07 16:46:46,890 :: INFO :: Control node : start power of open node
2019-07-07 16:46:46,912 :: INFO :: Node OpenOCD: teardown of openocd node
2019-07-07 16:46:49,941 :: INFO :: openocd node debugger stop
2019-07-07 16:46:50,618 :: INFO :: Node OpenOCD: flash of openocd node
2019-07-07 16:46:50,624 :: INFO :: Flash firmware on OpenOCD: /usr/lib/python2.7/site-packages/gateway_code/static/m3_idle.elf
2019-07-07 16:46:53,587 :: INFO :: Control node : Stop control node serial interface
2019-07-07 16:46:53,595 :: INFO :: Control node : stop power of open node
2019-07-07 16:46:53,648 :: INFO :: Control node : reset
2019-07-07 16:46:53,655 :: INFO :: Reset Control Node
2019-07-07 16:46:56,695 :: INFO :: Stop experiment succeeded
