2019-07-07 16:06:51,805 :: INFO :: Start experiment: djoudi-174602
2019-07-07 16:06:51,811 :: INFO :: Control node : Starting of control node serial interface
2019-07-07 16:06:51,818 :: INFO :: Control node : reset
2019-07-07 16:06:51,823 :: INFO :: Reset Control Node
2019-07-07 16:06:55,017 :: INFO :: Control node : start power of open node
2019-07-07 16:06:55,075 :: INFO :: Node OpenOCD: Setup of openocd node
2019-07-07 16:06:58,121 :: INFO :: Node OpenOCD: flash of openocd node
2019-07-07 16:06:58,135 :: INFO :: Flash firmware on OpenOCD: /usr/lib/python2.7/site-packages/gateway_code/static/m3_idle.elf
2019-07-07 16:07:03,456 :: INFO :: Control node : Start experiment
2019-07-07 16:07:03,511 :: INFO :: Control Node set time delay: 1129 us
2019-07-07 16:07:03,540 :: INFO :: Control node : profile configuration
2019-07-07 16:07:03,546 :: INFO :: Configure profile on Control Node
2019-07-07 16:07:03,622 :: INFO :: Start experiment succeeded
2019-07-07 16:12:27,721 :: INFO :: Gateway Manager : Flash of node
2019-07-07 16:12:27,726 :: INFO :: Flash firmware on open node: /tmp/tmp1csWQI--firmware8838250334994972697-er-example-server.iotlab-m3
2019-07-07 16:12:27,761 :: INFO :: Node OpenOCD: flash of openocd node
2019-07-07 16:12:27,765 :: INFO :: Flash firmware on OpenOCD: /tmp/tmp1csWQI--firmware8838250334994972697-er-example-server.iotlab-m3
2019-07-07 16:46:46,742 :: INFO :: Gateway Manager : Stop experiment
2019-07-07 16:46:46,779 :: INFO :: Stop experiment
2019-07-07 16:46:46,795 :: INFO :: Control node : stop of the experiment
2019-07-07 16:46:46,803 :: INFO :: Control node : profile configuration
2019-07-07 16:46:46,810 :: INFO :: Configure profile on Control Node
2019-07-07 16:46:46,879 :: INFO :: Control node : start power of open node
2019-07-07 16:46:46,919 :: INFO :: Node OpenOCD: teardown of openocd node
2019-07-07 16:46:49,956 :: INFO :: openocd node debugger stop
2019-07-07 16:46:50,544 :: INFO :: Node OpenOCD: flash of openocd node
2019-07-07 16:46:50,551 :: INFO :: Flash firmware on OpenOCD: /usr/lib/python2.7/site-packages/gateway_code/static/m3_idle.elf
2019-07-07 16:46:53,568 :: INFO :: Control node : Stop control node serial interface
2019-07-07 16:46:53,577 :: INFO :: Control node : stop power of open node
2019-07-07 16:46:53,631 :: INFO :: Control node : reset
2019-07-07 16:46:53,639 :: INFO :: Reset Control Node
2019-07-07 16:46:56,677 :: INFO :: Stop experiment succeeded
