2019-07-07 16:06:51,786 :: INFO :: Start experiment: djoudi-174602
2019-07-07 16:06:51,793 :: INFO :: Control node : Starting of control node serial interface
2019-07-07 16:06:51,799 :: INFO :: Control node : reset
2019-07-07 16:06:51,805 :: INFO :: Reset Control Node
2019-07-07 16:06:55,000 :: INFO :: Control node : start power of open node
2019-07-07 16:06:55,058 :: INFO :: Node OpenOCD: Setup of openocd node
2019-07-07 16:06:58,107 :: INFO :: Node OpenOCD: flash of openocd node
2019-07-07 16:06:58,122 :: INFO :: Flash firmware on OpenOCD: /usr/lib/python2.7/site-packages/gateway_code/static/m3_idle.elf
2019-07-07 16:07:03,447 :: INFO :: Control node : Start experiment
2019-07-07 16:07:03,512 :: INFO :: Control Node set time delay: 1190 us
2019-07-07 16:07:03,535 :: INFO :: Control node : profile configuration
2019-07-07 16:07:03,542 :: INFO :: Configure profile on Control Node
2019-07-07 16:07:03,617 :: INFO :: Start experiment succeeded
2019-07-07 16:12:27,721 :: INFO :: Gateway Manager : Flash of node
2019-07-07 16:12:27,726 :: INFO :: Flash firmware on open node: /tmp/tmpEMbPY_--firmware8838250334994972697-er-example-server.iotlab-m3
2019-07-07 16:12:27,761 :: INFO :: Node OpenOCD: flash of openocd node
2019-07-07 16:12:27,765 :: INFO :: Flash firmware on OpenOCD: /tmp/tmpEMbPY_--firmware8838250334994972697-er-example-server.iotlab-m3
2019-07-07 16:46:46,728 :: INFO :: Gateway Manager : Stop experiment
2019-07-07 16:46:46,744 :: INFO :: Stop experiment
2019-07-07 16:46:46,752 :: INFO :: Control node : stop of the experiment
2019-07-07 16:46:46,759 :: INFO :: Control node : profile configuration
2019-07-07 16:46:46,768 :: INFO :: Configure profile on Control Node
2019-07-07 16:46:46,834 :: INFO :: Control node : start power of open node
2019-07-07 16:46:46,874 :: INFO :: Node OpenOCD: teardown of openocd node
2019-07-07 16:46:49,911 :: INFO :: openocd node debugger stop
2019-07-07 16:46:50,570 :: INFO :: Node OpenOCD: flash of openocd node
2019-07-07 16:46:50,584 :: INFO :: Flash firmware on OpenOCD: /usr/lib/python2.7/site-packages/gateway_code/static/m3_idle.elf
2019-07-07 16:46:53,581 :: INFO :: Control node : Stop control node serial interface
2019-07-07 16:46:53,598 :: INFO :: Control node : stop power of open node
2019-07-07 16:46:53,700 :: INFO :: Control node : reset
2019-07-07 16:46:53,713 :: INFO :: Reset Control Node
2019-07-07 16:46:56,636 :: INFO :: Stop experiment succeeded
