2019-07-07 16:06:51,797 :: INFO :: Start experiment: djoudi-174602
2019-07-07 16:06:51,810 :: INFO :: Control node : Starting of control node serial interface
2019-07-07 16:06:51,822 :: INFO :: Control node : reset
2019-07-07 16:06:51,833 :: INFO :: Reset Control Node
2019-07-07 16:06:54,982 :: INFO :: Control node : start power of open node
2019-07-07 16:06:55,039 :: INFO :: Node OpenOCD: Setup of openocd node
2019-07-07 16:06:58,081 :: INFO :: Node OpenOCD: flash of openocd node
2019-07-07 16:06:58,095 :: INFO :: Flash firmware on OpenOCD: /usr/lib/python2.7/site-packages/gateway_code/static/m3_idle.elf
2019-07-07 16:07:03,336 :: INFO :: Control node : Start experiment
2019-07-07 16:07:03,390 :: INFO :: Control Node set time delay: 1587 us
2019-07-07 16:07:03,422 :: INFO :: Control node : profile configuration
2019-07-07 16:07:03,429 :: INFO :: Configure profile on Control Node
2019-07-07 16:07:03,503 :: INFO :: Start experiment succeeded
2019-07-07 16:12:27,719 :: INFO :: Gateway Manager : Flash of node
2019-07-07 16:12:27,724 :: INFO :: Flash firmware on open node: /tmp/tmppkdETe--firmware8838250334994972697-er-example-server.iotlab-m3
2019-07-07 16:12:27,759 :: INFO :: Node OpenOCD: flash of openocd node
2019-07-07 16:12:27,762 :: INFO :: Flash firmware on OpenOCD: /tmp/tmppkdETe--firmware8838250334994972697-er-example-server.iotlab-m3
2019-07-07 16:46:46,748 :: INFO :: Gateway Manager : Stop experiment
2019-07-07 16:46:46,768 :: INFO :: Stop experiment
2019-07-07 16:46:46,785 :: INFO :: Control node : stop of the experiment
2019-07-07 16:46:46,805 :: INFO :: Control node : profile configuration
2019-07-07 16:46:46,818 :: INFO :: Configure profile on Control Node
2019-07-07 16:46:46,949 :: INFO :: Control node : start power of open node
2019-07-07 16:46:47,008 :: INFO :: Node OpenOCD: teardown of openocd node
2019-07-07 16:46:50,037 :: INFO :: openocd node debugger stop
2019-07-07 16:46:50,717 :: INFO :: Node OpenOCD: flash of openocd node
2019-07-07 16:46:50,734 :: INFO :: Flash firmware on OpenOCD: /usr/lib/python2.7/site-packages/gateway_code/static/m3_idle.elf
2019-07-07 16:46:53,843 :: INFO :: Control node : Stop control node serial interface
2019-07-07 16:46:53,848 :: INFO :: Control node : stop power of open node
2019-07-07 16:46:53,881 :: INFO :: Control node : reset
2019-07-07 16:46:53,885 :: INFO :: Reset Control Node
2019-07-07 16:46:56,922 :: INFO :: Stop experiment succeeded
