2019-07-07 16:06:51,787 :: INFO :: Start experiment: djoudi-174602
2019-07-07 16:06:51,798 :: INFO :: Control node : Starting of control node serial interface
2019-07-07 16:06:51,803 :: INFO :: Control node : reset
2019-07-07 16:06:51,809 :: INFO :: Reset Control Node
2019-07-07 16:06:55,000 :: INFO :: Control node : start power of open node
2019-07-07 16:06:55,060 :: INFO :: Node OpenOCD: Setup of openocd node
2019-07-07 16:06:58,100 :: INFO :: Node OpenOCD: flash of openocd node
2019-07-07 16:06:58,115 :: INFO :: Flash firmware on OpenOCD: /usr/lib/python2.7/site-packages/gateway_code/static/m3_idle.elf
2019-07-07 16:07:03,584 :: INFO :: Control node : Start experiment
2019-07-07 16:07:03,609 :: INFO :: Control Node set time delay: 1129 us
2019-07-07 16:07:03,625 :: INFO :: Control node : profile configuration
2019-07-07 16:07:03,629 :: INFO :: Configure profile on Control Node
2019-07-07 16:07:03,668 :: INFO :: Start experiment succeeded
2019-07-07 16:09:43,562 :: INFO :: Gateway Manager : Flash of node
2019-07-07 16:09:43,568 :: INFO :: Flash firmware on open node: /tmp/tmp4YM5Xj--firmware7037298859238936033-border-router.iotlab-m3
2019-07-07 16:09:43,605 :: INFO :: Node OpenOCD: flash of openocd node
2019-07-07 16:09:43,609 :: INFO :: Flash firmware on OpenOCD: /tmp/tmp4YM5Xj--firmware7037298859238936033-border-router.iotlab-m3
2019-07-07 16:18:42,845 :: INFO :: Gateway Manager : Flash of node
2019-07-07 16:18:42,851 :: INFO :: Flash firmware on open node: /tmp/tmpqYMRSK--firmware530234029871988982-border-router.iotlab-m3
2019-07-07 16:18:42,888 :: INFO :: Node OpenOCD: flash of openocd node
2019-07-07 16:18:42,892 :: INFO :: Flash firmware on OpenOCD: /tmp/tmpqYMRSK--firmware530234029871988982-border-router.iotlab-m3
2019-07-07 16:46:46,720 :: INFO :: Gateway Manager : Stop experiment
2019-07-07 16:46:46,737 :: INFO :: Stop experiment
2019-07-07 16:46:46,747 :: INFO :: Control node : stop of the experiment
2019-07-07 16:46:46,754 :: INFO :: Control node : profile configuration
2019-07-07 16:46:46,762 :: INFO :: Configure profile on Control Node
2019-07-07 16:46:46,837 :: INFO :: Control node : start power of open node
2019-07-07 16:46:46,881 :: INFO :: Node OpenOCD: teardown of openocd node
2019-07-07 16:46:49,915 :: INFO :: openocd node debugger stop
2019-07-07 16:46:50,593 :: INFO :: Node OpenOCD: flash of openocd node
2019-07-07 16:46:50,600 :: INFO :: Flash firmware on OpenOCD: /usr/lib/python2.7/site-packages/gateway_code/static/m3_idle.elf
2019-07-07 16:46:53,505 :: INFO :: Control node : Stop control node serial interface
2019-07-07 16:46:53,522 :: INFO :: Control node : stop power of open node
2019-07-07 16:46:53,625 :: INFO :: Control node : reset
2019-07-07 16:46:53,638 :: INFO :: Reset Control Node
2019-07-07 16:46:56,683 :: INFO :: Stop experiment succeeded
