2019-07-07 09:22:25,943 :: INFO :: Start experiment: djoudi-174583
2019-07-07 09:22:25,956 :: INFO :: Control node : Starting of control node serial interface
2019-07-07 09:22:25,968 :: INFO :: Control node : reset
2019-07-07 09:22:25,979 :: INFO :: Reset Control Node
2019-07-07 09:22:29,125 :: INFO :: Control node : start power of open node
2019-07-07 09:22:29,183 :: INFO :: Node OpenOCD: Setup of openocd node
2019-07-07 09:22:32,226 :: INFO :: Node OpenOCD: flash of openocd node
2019-07-07 09:22:32,241 :: INFO :: Flash firmware on OpenOCD: /usr/lib/python2.7/site-packages/gateway_code/static/m3_idle.elf
2019-07-07 09:22:37,566 :: INFO :: Control node : Start experiment
2019-07-07 09:22:37,625 :: INFO :: Control Node set time delay: 1801 us
2019-07-07 09:22:37,649 :: INFO :: Control node : profile configuration
2019-07-07 09:22:37,656 :: INFO :: Configure profile on Control Node
2019-07-07 09:22:37,733 :: INFO :: Start experiment succeeded
2019-07-07 09:52:42,568 :: INFO :: Gateway Manager : Stop experiment
2019-07-07 09:52:42,588 :: INFO :: Stop experiment
2019-07-07 09:52:42,606 :: INFO :: Control node : stop of the experiment
2019-07-07 09:52:42,620 :: INFO :: Control node : profile configuration
2019-07-07 09:52:42,633 :: INFO :: Configure profile on Control Node
2019-07-07 09:52:42,750 :: INFO :: Control node : start power of open node
2019-07-07 09:52:42,772 :: INFO :: Node OpenOCD: teardown of openocd node
2019-07-07 09:52:45,810 :: INFO :: openocd node debugger stop
2019-07-07 09:52:46,490 :: INFO :: Node OpenOCD: flash of openocd node
2019-07-07 09:52:46,505 :: INFO :: Flash firmware on OpenOCD: /usr/lib/python2.7/site-packages/gateway_code/static/m3_idle.elf
2019-07-07 09:52:49,521 :: INFO :: Control node : Stop control node serial interface
2019-07-07 09:52:49,530 :: INFO :: Control node : stop power of open node
2019-07-07 09:52:49,587 :: INFO :: Control node : reset
2019-07-07 09:52:49,593 :: INFO :: Reset Control Node
2019-07-07 09:52:52,582 :: INFO :: Stop experiment succeeded
