2019-07-07 09:22:25,943 :: INFO :: Start experiment: djoudi-174583
2019-07-07 09:22:25,955 :: INFO :: Control node : Starting of control node serial interface
2019-07-07 09:22:25,966 :: INFO :: Control node : reset
2019-07-07 09:22:25,977 :: INFO :: Reset Control Node
2019-07-07 09:22:29,172 :: INFO :: Control node : start power of open node
2019-07-07 09:22:29,229 :: INFO :: Node OpenOCD: Setup of openocd node
2019-07-07 09:22:32,270 :: INFO :: Node OpenOCD: flash of openocd node
2019-07-07 09:22:32,285 :: INFO :: Flash firmware on OpenOCD: /usr/lib/python2.7/site-packages/gateway_code/static/m3_idle.elf
2019-07-07 09:22:37,600 :: INFO :: Control node : Start experiment
2019-07-07 09:22:37,659 :: INFO :: Control Node set time delay: 1679 us
2019-07-07 09:22:37,683 :: INFO :: Control node : profile configuration
2019-07-07 09:22:37,689 :: INFO :: Configure profile on Control Node
2019-07-07 09:22:37,764 :: INFO :: Start experiment succeeded
2019-07-07 09:52:42,569 :: INFO :: Gateway Manager : Stop experiment
2019-07-07 09:52:42,590 :: INFO :: Stop experiment
2019-07-07 09:52:42,606 :: INFO :: Control node : stop of the experiment
2019-07-07 09:52:42,619 :: INFO :: Control node : profile configuration
2019-07-07 09:52:42,637 :: INFO :: Configure profile on Control Node
2019-07-07 09:52:42,767 :: INFO :: Control node : start power of open node
2019-07-07 09:52:42,798 :: INFO :: Node OpenOCD: teardown of openocd node
2019-07-07 09:52:45,830 :: INFO :: openocd node debugger stop
2019-07-07 09:52:46,478 :: INFO :: Node OpenOCD: flash of openocd node
2019-07-07 09:52:46,485 :: INFO :: Flash firmware on OpenOCD: /usr/lib/python2.7/site-packages/gateway_code/static/m3_idle.elf
2019-07-07 09:52:49,449 :: INFO :: Control node : Stop control node serial interface
2019-07-07 09:52:49,457 :: INFO :: Control node : stop power of open node
2019-07-07 09:52:49,511 :: INFO :: Control node : reset
2019-07-07 09:52:49,518 :: INFO :: Reset Control Node
2019-07-07 09:52:52,489 :: INFO :: Stop experiment succeeded
