2019-07-07 08:22:02,757 :: INFO :: Start experiment: djoudi-174580
2019-07-07 08:22:02,761 :: INFO :: Control node : Starting of control node serial interface
2019-07-07 08:22:02,763 :: INFO :: Control node : reset
2019-07-07 08:22:02,766 :: INFO :: Reset Control Node
2019-07-07 08:22:05,772 :: INFO :: Control node : start power of open node
2019-07-07 08:22:05,800 :: INFO :: Node OpenOCD: Setup of openocd node
2019-07-07 08:22:08,844 :: INFO :: Node OpenOCD: flash of openocd node
2019-07-07 08:22:08,859 :: INFO :: Flash firmware on OpenOCD: /tmp/tmpuIY3q4--sensors-collecting.iotlab-m3
2019-07-07 08:22:18,395 :: INFO :: Control node : Start experiment
2019-07-07 08:22:18,449 :: INFO :: Control Node set time delay: 1190 us
2019-07-07 08:22:18,469 :: INFO :: Control node : profile configuration
2019-07-07 08:22:18,472 :: INFO :: Configure profile on Control Node
2019-07-07 08:22:18,515 :: INFO :: Start experiment succeeded
2019-07-07 08:37:23,373 :: INFO :: Gateway Manager : Stop experiment
2019-07-07 08:37:23,393 :: INFO :: Stop experiment
2019-07-07 08:37:23,409 :: INFO :: Control node : stop of the experiment
2019-07-07 08:37:23,423 :: INFO :: Control node : profile configuration
2019-07-07 08:37:23,431 :: INFO :: Configure profile on Control Node
2019-07-07 08:37:23,496 :: INFO :: Control node : start power of open node
2019-07-07 08:37:23,535 :: INFO :: Node OpenOCD: teardown of openocd node
2019-07-07 08:37:26,571 :: INFO :: openocd node debugger stop
2019-07-07 08:37:27,248 :: INFO :: Node OpenOCD: flash of openocd node
2019-07-07 08:37:27,262 :: INFO :: Flash firmware on OpenOCD: /usr/lib/python2.7/site-packages/gateway_code/static/m3_idle.elf
2019-07-07 08:37:30,288 :: INFO :: Control node : Stop control node serial interface
2019-07-07 08:37:30,297 :: INFO :: Control node : stop power of open node
2019-07-07 08:37:30,350 :: INFO :: Control node : reset
2019-07-07 08:37:30,358 :: INFO :: Reset Control Node
2019-07-07 08:37:33,333 :: INFO :: Stop experiment succeeded
