2019-07-07 08:25:51,108 :: INFO :: Start experiment: djoudi-174582
2019-07-07 08:25:51,120 :: INFO :: Control node : Starting of control node serial interface
2019-07-07 08:25:51,131 :: INFO :: Control node : reset
2019-07-07 08:25:51,143 :: INFO :: Reset Control Node
2019-07-07 08:25:54,287 :: INFO :: Control node : start power of open node
2019-07-07 08:25:54,345 :: INFO :: Node OpenOCD: Setup of openocd node
2019-07-07 08:25:57,388 :: INFO :: Node OpenOCD: flash of openocd node
2019-07-07 08:25:57,403 :: INFO :: Flash firmware on OpenOCD: /usr/lib/python2.7/site-packages/gateway_code/static/m3_idle.elf
2019-07-07 08:26:02,675 :: INFO :: Control node : Start experiment
2019-07-07 08:26:02,757 :: INFO :: Control Node set time delay: 1801 us
2019-07-07 08:26:02,781 :: INFO :: Control node : profile configuration
2019-07-07 08:26:02,787 :: INFO :: Configure profile on Control Node
2019-07-07 08:26:02,865 :: INFO :: Start experiment succeeded
2019-07-07 08:56:07,743 :: INFO :: Gateway Manager : Stop experiment
2019-07-07 08:56:07,763 :: INFO :: Stop experiment
2019-07-07 08:56:07,779 :: INFO :: Control node : stop of the experiment
2019-07-07 08:56:07,793 :: INFO :: Control node : profile configuration
2019-07-07 08:56:07,802 :: INFO :: Configure profile on Control Node
2019-07-07 08:56:07,868 :: INFO :: Control node : start power of open node
2019-07-07 08:56:07,909 :: INFO :: Node OpenOCD: teardown of openocd node
2019-07-07 08:56:10,946 :: INFO :: openocd node debugger stop
2019-07-07 08:56:11,622 :: INFO :: Node OpenOCD: flash of openocd node
2019-07-07 08:56:11,629 :: INFO :: Flash firmware on OpenOCD: /usr/lib/python2.7/site-packages/gateway_code/static/m3_idle.elf
2019-07-07 08:56:14,548 :: INFO :: Control node : Stop control node serial interface
2019-07-07 08:56:14,557 :: INFO :: Control node : stop power of open node
2019-07-07 08:56:14,610 :: INFO :: Control node : reset
2019-07-07 08:56:14,617 :: INFO :: Reset Control Node
2019-07-07 08:56:17,657 :: INFO :: Stop experiment succeeded
