2019-07-07 08:25:51,085 :: INFO :: Start experiment: djoudi-174582
2019-07-07 08:25:51,098 :: INFO :: Control node : Starting of control node serial interface
2019-07-07 08:25:51,109 :: INFO :: Control node : reset
2019-07-07 08:25:51,121 :: INFO :: Reset Control Node
2019-07-07 08:25:54,264 :: INFO :: Control node : start power of open node
2019-07-07 08:25:54,323 :: INFO :: Node OpenOCD: Setup of openocd node
2019-07-07 08:25:57,369 :: INFO :: Node OpenOCD: flash of openocd node
2019-07-07 08:25:57,385 :: INFO :: Flash firmware on OpenOCD: /usr/lib/python2.7/site-packages/gateway_code/static/m3_idle.elf
2019-07-07 08:26:02,702 :: INFO :: Control node : Start experiment
2019-07-07 08:26:02,762 :: INFO :: Control Node set time delay: 1831 us
2019-07-07 08:26:02,786 :: INFO :: Control node : profile configuration
2019-07-07 08:26:02,793 :: INFO :: Configure profile on Control Node
2019-07-07 08:26:02,869 :: INFO :: Start experiment succeeded
2019-07-07 08:56:07,737 :: INFO :: Gateway Manager : Stop experiment
2019-07-07 08:56:07,756 :: INFO :: Stop experiment
2019-07-07 08:56:07,773 :: INFO :: Control node : stop of the experiment
2019-07-07 08:56:07,787 :: INFO :: Control node : profile configuration
2019-07-07 08:56:07,800 :: INFO :: Configure profile on Control Node
2019-07-07 08:56:07,868 :: INFO :: Control node : start power of open node
2019-07-07 08:56:07,907 :: INFO :: Node OpenOCD: teardown of openocd node
2019-07-07 08:56:10,946 :: INFO :: openocd node debugger stop
2019-07-07 08:56:11,622 :: INFO :: Node OpenOCD: flash of openocd node
2019-07-07 08:56:11,629 :: INFO :: Flash firmware on OpenOCD: /usr/lib/python2.7/site-packages/gateway_code/static/m3_idle.elf
2019-07-07 08:56:14,600 :: INFO :: Control node : Stop control node serial interface
2019-07-07 08:56:14,608 :: INFO :: Control node : stop power of open node
2019-07-07 08:56:14,664 :: INFO :: Control node : reset
2019-07-07 08:56:14,670 :: INFO :: Reset Control Node
2019-07-07 08:56:17,662 :: INFO :: Stop experiment succeeded
